<?xml version="1.0" encoding="UTF-8"?>
<coverage generated="1626429997638" clover="3.2.0">
  <project timestamp="1626429997638" name="All files">
    <metrics statements="525" coveredstatements="513" conditionals="384" coveredconditionals="251" methods="162" coveredmethods="139" elements="1071" coveredelements="903" complexity="0" loc="525" ncloc="525" packages="12" files="21" classes="21"/>
    <package name="app">
      <metrics statements="28" coveredstatements="28" conditionals="18" coveredconditionals="14" methods="8" coveredmethods="7"/>
      <file name="App.tsx" path="/mnt/e681fde6-354e-45ed-a091-4f1a9764ed64/git/typescript-react-express-esbuild/src/client/app/App.tsx">
        <metrics statements="28" coveredstatements="28" conditionals="18" coveredconditionals="14" methods="8" coveredmethods="7"/>
        <line num="1" count="1" type="stmt"/>
        <line num="2" count="1" type="stmt"/>
        <line num="3" count="1" type="stmt"/>
        <line num="4" count="1" type="stmt"/>
        <line num="5" count="1" type="stmt"/>
        <line num="6" count="1" type="stmt"/>
        <line num="7" count="5" type="stmt"/>
        <line num="8" count="1" type="stmt"/>
        <line num="9" count="1" type="stmt"/>
        <line num="10" count="1" type="stmt"/>
        <line num="11" count="1" type="stmt"/>
        <line num="13" count="1" type="stmt"/>
        <line num="14" count="4" type="cond" truecount="3" falsecount="2"/>
        <line num="15" count="4" type="stmt"/>
        <line num="16" count="55" type="cond" truecount="4" falsecount="0"/>
        <line num="17" count="53" type="cond" truecount="2" falsecount="0"/>
        <line num="19" count="4" type="stmt"/>
        <line num="21" count="1" type="stmt"/>
        <line num="22" count="4" type="cond" truecount="5" falsecount="2"/>
        <line num="24" count="1" type="stmt"/>
        <line num="25" count="1" type="stmt"/>
        <line num="27" count="1" type="stmt"/>
        <line num="28" count="1" type="stmt"/>
        <line num="29" count="1" type="stmt"/>
        <line num="30" count="1" type="stmt"/>
        <line num="31" count="1" type="stmt"/>
        <line num="32" count="1" type="stmt"/>
        <line num="46" count="1" type="stmt"/>
      </file>
    </package>
    <package name="axios">
      <metrics statements="40" coveredstatements="39" conditionals="36" coveredconditionals="24" methods="12" coveredmethods="10"/>
      <file name="index.ts" path="/mnt/e681fde6-354e-45ed-a091-4f1a9764ed64/git/typescript-react-express-esbuild/src/client/axios/index.ts">
        <metrics statements="17" coveredstatements="17" conditionals="18" coveredconditionals="14" methods="5" coveredmethods="4"/>
        <line num="1" count="2" type="stmt"/>
        <line num="2" count="2" type="stmt"/>
        <line num="3" count="2" type="stmt"/>
        <line num="4" count="2" type="stmt"/>
        <line num="5" count="2" type="stmt"/>
        <line num="6" count="2" type="stmt"/>
        <line num="7" count="4" type="stmt"/>
        <line num="8" count="2" type="stmt"/>
        <line num="9" count="4" type="cond" truecount="3" falsecount="2"/>
        <line num="10" count="4" type="stmt"/>
        <line num="11" count="10" type="cond" truecount="4" falsecount="0"/>
        <line num="12" count="4" type="cond" truecount="2" falsecount="0"/>
        <line num="14" count="4" type="stmt"/>
        <line num="16" count="2" type="stmt"/>
        <line num="17" count="2" type="cond" truecount="5" falsecount="2"/>
        <line num="19" count="2" type="stmt"/>
        <line num="20" count="2" type="stmt"/>
      </file>
      <file name="instance.ts" path="/mnt/e681fde6-354e-45ed-a091-4f1a9764ed64/git/typescript-react-express-esbuild/src/client/axios/instance.ts">
        <metrics statements="23" coveredstatements="22" conditionals="18" coveredconditionals="10" methods="7" coveredmethods="6"/>
        <line num="1" count="2" type="stmt"/>
        <line num="2" count="2" type="stmt"/>
        <line num="3" count="2" type="stmt"/>
        <line num="4" count="2" type="stmt"/>
        <line num="5" count="2" type="stmt"/>
        <line num="6" count="2" type="stmt"/>
        <line num="7" count="4" type="stmt"/>
        <line num="8" count="2" type="stmt"/>
        <line num="9" count="2" type="stmt"/>
        <line num="10" count="2" type="stmt"/>
        <line num="11" count="2" type="stmt"/>
        <line num="13" count="2" type="stmt"/>
        <line num="14" count="2" type="cond" truecount="3" falsecount="2"/>
        <line num="15" count="2" type="stmt"/>
        <line num="16" count="4" type="cond" truecount="2" falsecount="2"/>
        <line num="17" count="0" type="cond" truecount="0" falsecount="2"/>
        <line num="19" count="2" type="stmt"/>
        <line num="21" count="2" type="stmt"/>
        <line num="22" count="2" type="cond" truecount="5" falsecount="2"/>
        <line num="24" count="2" type="stmt"/>
        <line num="25" count="1" type="stmt"/>
        <line num="27" count="2" type="stmt"/>
        <line num="28" count="2" type="stmt"/>
      </file>
    </package>
    <package name="components">
      <metrics statements="28" coveredstatements="27" conditionals="18" coveredconditionals="10" methods="10" coveredmethods="9"/>
      <file name="index.ts" path="/mnt/e681fde6-354e-45ed-a091-4f1a9764ed64/git/typescript-react-express-esbuild/src/client/components/index.ts">
        <metrics statements="28" coveredstatements="27" conditionals="18" coveredconditionals="10" methods="10" coveredmethods="9"/>
        <line num="1" count="5" type="stmt"/>
        <line num="2" count="5" type="stmt"/>
        <line num="3" count="5" type="stmt"/>
        <line num="4" count="5" type="stmt"/>
        <line num="5" count="5" type="stmt"/>
        <line num="6" count="5" type="stmt"/>
        <line num="7" count="25" type="stmt"/>
        <line num="8" count="5" type="stmt"/>
        <line num="9" count="5" type="stmt"/>
        <line num="10" count="5" type="stmt"/>
        <line num="11" count="20" type="stmt"/>
        <line num="13" count="5" type="stmt"/>
        <line num="14" count="20" type="cond" truecount="3" falsecount="2"/>
        <line num="15" count="20" type="stmt"/>
        <line num="16" count="40" type="cond" truecount="2" falsecount="2"/>
        <line num="17" count="0" type="cond" truecount="0" falsecount="2"/>
        <line num="19" count="20" type="stmt"/>
        <line num="21" count="5" type="stmt"/>
        <line num="22" count="20" type="cond" truecount="5" falsecount="2"/>
        <line num="24" count="5" type="stmt"/>
        <line num="25" count="1" type="stmt"/>
        <line num="26" count="1" type="stmt"/>
        <line num="27" count="6" type="stmt"/>
        <line num="28" count="2" type="stmt"/>
        <line num="30" count="5" type="stmt"/>
        <line num="31" count="5" type="stmt"/>
        <line num="32" count="5" type="stmt"/>
        <line num="33" count="5" type="stmt"/>
      </file>
    </package>
    <package name="components.footer">
      <metrics statements="48" coveredstatements="47" conditionals="36" coveredconditionals="22" methods="15" coveredmethods="12"/>
      <file name="Footer.tsx" path="/mnt/e681fde6-354e-45ed-a091-4f1a9764ed64/git/typescript-react-express-esbuild/src/client/components/footer/Footer.tsx">
        <metrics statements="25" coveredstatements="25" conditionals="18" coveredconditionals="12" methods="8" coveredmethods="6"/>
        <line num="1" count="6" type="stmt"/>
        <line num="2" count="6" type="stmt"/>
        <line num="3" count="6" type="stmt"/>
        <line num="4" count="6" type="stmt"/>
        <line num="5" count="6" type="stmt"/>
        <line num="6" count="6" type="stmt"/>
        <line num="7" count="12" type="stmt"/>
        <line num="8" count="6" type="stmt"/>
        <line num="9" count="6" type="stmt"/>
        <line num="10" count="6" type="stmt"/>
        <line num="11" count="6" type="stmt"/>
        <line num="13" count="6" type="stmt"/>
        <line num="14" count="6" type="cond" truecount="3" falsecount="2"/>
        <line num="15" count="6" type="stmt"/>
        <line num="16" count="168" type="cond" truecount="3" falsecount="1"/>
        <line num="17" count="168" type="cond" truecount="2" falsecount="0"/>
        <line num="19" count="6" type="stmt"/>
        <line num="21" count="6" type="stmt"/>
        <line num="22" count="6" type="cond" truecount="4" falsecount="3"/>
        <line num="24" count="6" type="stmt"/>
        <line num="25" count="2" type="stmt"/>
        <line num="27" count="6" type="stmt"/>
        <line num="28" count="6" type="stmt"/>
        <line num="29" count="2" type="stmt"/>
        <line num="35" count="6" type="stmt"/>
      </file>
      <file name="index.ts" path="/mnt/e681fde6-354e-45ed-a091-4f1a9764ed64/git/typescript-react-express-esbuild/src/client/components/footer/index.ts">
        <metrics statements="23" coveredstatements="22" conditionals="18" coveredconditionals="10" methods="7" coveredmethods="6"/>
        <line num="1" count="5" type="stmt"/>
        <line num="2" count="5" type="stmt"/>
        <line num="3" count="5" type="stmt"/>
        <line num="4" count="5" type="stmt"/>
        <line num="5" count="5" type="stmt"/>
        <line num="6" count="5" type="stmt"/>
        <line num="7" count="15" type="stmt"/>
        <line num="8" count="5" type="stmt"/>
        <line num="9" count="5" type="stmt"/>
        <line num="10" count="5" type="stmt"/>
        <line num="11" count="5" type="stmt"/>
        <line num="13" count="5" type="stmt"/>
        <line num="14" count="15" type="cond" truecount="3" falsecount="2"/>
        <line num="15" count="15" type="stmt"/>
        <line num="16" count="30" type="cond" truecount="2" falsecount="2"/>
        <line num="17" count="0" type="cond" truecount="0" falsecount="2"/>
        <line num="19" count="15" type="stmt"/>
        <line num="21" count="5" type="stmt"/>
        <line num="22" count="10" type="cond" truecount="5" falsecount="2"/>
        <line num="24" count="5" type="stmt"/>
        <line num="25" count="1" type="stmt"/>
        <line num="27" count="5" type="stmt"/>
        <line num="28" count="5" type="stmt"/>
      </file>
    </package>
    <package name="components.header">
      <metrics statements="49" coveredstatements="48" conditionals="36" coveredconditionals="24" methods="15" coveredmethods="13"/>
      <file name="Header.tsx" path="/mnt/e681fde6-354e-45ed-a091-4f1a9764ed64/git/typescript-react-express-esbuild/src/client/components/header/Header.tsx">
        <metrics statements="26" coveredstatements="26" conditionals="18" coveredconditionals="14" methods="8" coveredmethods="7"/>
        <line num="1" count="5" type="stmt"/>
        <line num="2" count="5" type="stmt"/>
        <line num="3" count="5" type="stmt"/>
        <line num="4" count="5" type="stmt"/>
        <line num="5" count="5" type="stmt"/>
        <line num="6" count="5" type="stmt"/>
        <line num="7" count="15" type="stmt"/>
        <line num="8" count="5" type="stmt"/>
        <line num="9" count="5" type="stmt"/>
        <line num="10" count="5" type="stmt"/>
        <line num="11" count="5" type="stmt"/>
        <line num="13" count="5" type="stmt"/>
        <line num="14" count="10" type="cond" truecount="3" falsecount="2"/>
        <line num="15" count="10" type="stmt"/>
        <line num="16" count="165" type="cond" truecount="4" falsecount="0"/>
        <line num="17" count="160" type="cond" truecount="2" falsecount="0"/>
        <line num="19" count="10" type="stmt"/>
        <line num="21" count="5" type="stmt"/>
        <line num="22" count="10" type="cond" truecount="5" falsecount="2"/>
        <line num="24" count="5" type="stmt"/>
        <line num="25" count="2" type="stmt"/>
        <line num="27" count="5" type="stmt"/>
        <line num="28" count="5" type="stmt"/>
        <line num="29" count="5" type="stmt"/>
        <line num="30" count="2" type="stmt"/>
        <line num="32" count="5" type="stmt"/>
      </file>
      <file name="index.ts" path="/mnt/e681fde6-354e-45ed-a091-4f1a9764ed64/git/typescript-react-express-esbuild/src/client/components/header/index.ts">
        <metrics statements="23" coveredstatements="22" conditionals="18" coveredconditionals="10" methods="7" coveredmethods="6"/>
        <line num="1" count="5" type="stmt"/>
        <line num="2" count="5" type="stmt"/>
        <line num="3" count="5" type="stmt"/>
        <line num="4" count="5" type="stmt"/>
        <line num="5" count="5" type="stmt"/>
        <line num="6" count="5" type="stmt"/>
        <line num="7" count="15" type="stmt"/>
        <line num="8" count="5" type="stmt"/>
        <line num="9" count="5" type="stmt"/>
        <line num="10" count="5" type="stmt"/>
        <line num="11" count="5" type="stmt"/>
        <line num="13" count="5" type="stmt"/>
        <line num="14" count="15" type="cond" truecount="3" falsecount="2"/>
        <line num="15" count="15" type="stmt"/>
        <line num="16" count="30" type="cond" truecount="2" falsecount="2"/>
        <line num="17" count="0" type="cond" truecount="0" falsecount="2"/>
        <line num="19" count="15" type="stmt"/>
        <line num="21" count="5" type="stmt"/>
        <line num="22" count="10" type="cond" truecount="5" falsecount="2"/>
        <line num="24" count="5" type="stmt"/>
        <line num="25" count="1" type="stmt"/>
        <line num="27" count="5" type="stmt"/>
        <line num="28" count="5" type="stmt"/>
      </file>
    </package>
    <package name="components.main">
      <metrics statements="48" coveredstatements="47" conditionals="36" coveredconditionals="22" methods="15" coveredmethods="12"/>
      <file name="Main.tsx" path="/mnt/e681fde6-354e-45ed-a091-4f1a9764ed64/git/typescript-react-express-esbuild/src/client/components/main/Main.tsx">
        <metrics statements="25" coveredstatements="25" conditionals="18" coveredconditionals="12" methods="8" coveredmethods="6"/>
        <line num="1" count="6" type="stmt"/>
        <line num="2" count="6" type="stmt"/>
        <line num="3" count="6" type="stmt"/>
        <line num="4" count="6" type="stmt"/>
        <line num="5" count="6" type="stmt"/>
        <line num="6" count="6" type="stmt"/>
        <line num="7" count="12" type="stmt"/>
        <line num="8" count="6" type="stmt"/>
        <line num="9" count="6" type="stmt"/>
        <line num="10" count="6" type="stmt"/>
        <line num="11" count="6" type="stmt"/>
        <line num="13" count="6" type="stmt"/>
        <line num="14" count="6" type="cond" truecount="3" falsecount="2"/>
        <line num="15" count="6" type="stmt"/>
        <line num="16" count="168" type="cond" truecount="3" falsecount="1"/>
        <line num="17" count="168" type="cond" truecount="2" falsecount="0"/>
        <line num="19" count="6" type="stmt"/>
        <line num="21" count="6" type="stmt"/>
        <line num="22" count="6" type="cond" truecount="4" falsecount="3"/>
        <line num="24" count="6" type="stmt"/>
        <line num="25" count="7" type="stmt"/>
        <line num="27" count="6" type="stmt"/>
        <line num="28" count="6" type="stmt"/>
        <line num="29" count="7" type="stmt"/>
        <line num="33" count="6" type="stmt"/>
      </file>
      <file name="index.ts" path="/mnt/e681fde6-354e-45ed-a091-4f1a9764ed64/git/typescript-react-express-esbuild/src/client/components/main/index.ts">
        <metrics statements="23" coveredstatements="22" conditionals="18" coveredconditionals="10" methods="7" coveredmethods="6"/>
        <line num="1" count="5" type="stmt"/>
        <line num="2" count="5" type="stmt"/>
        <line num="3" count="5" type="stmt"/>
        <line num="4" count="5" type="stmt"/>
        <line num="5" count="5" type="stmt"/>
        <line num="6" count="5" type="stmt"/>
        <line num="7" count="15" type="stmt"/>
        <line num="8" count="5" type="stmt"/>
        <line num="9" count="5" type="stmt"/>
        <line num="10" count="5" type="stmt"/>
        <line num="11" count="5" type="stmt"/>
        <line num="13" count="5" type="stmt"/>
        <line num="14" count="15" type="cond" truecount="3" falsecount="2"/>
        <line num="15" count="15" type="stmt"/>
        <line num="16" count="30" type="cond" truecount="2" falsecount="2"/>
        <line num="17" count="0" type="cond" truecount="0" falsecount="2"/>
        <line num="19" count="15" type="stmt"/>
        <line num="21" count="5" type="stmt"/>
        <line num="22" count="10" type="cond" truecount="5" falsecount="2"/>
        <line num="24" count="5" type="stmt"/>
        <line num="25" count="6" type="stmt"/>
        <line num="27" count="5" type="stmt"/>
        <line num="28" count="5" type="stmt"/>
      </file>
    </package>
    <package name="components.navbar">
      <metrics statements="51" coveredstatements="50" conditionals="36" coveredconditionals="25" methods="16" coveredmethods="14"/>
      <file name="Navbar.tsx" path="/mnt/e681fde6-354e-45ed-a091-4f1a9764ed64/git/typescript-react-express-esbuild/src/client/components/navbar/Navbar.tsx">
        <metrics statements="28" coveredstatements="28" conditionals="18" coveredconditionals="15" methods="9" coveredmethods="8"/>
        <line num="1" count="6" type="stmt"/>
        <line num="2" count="6" type="stmt"/>
        <line num="3" count="6" type="stmt"/>
        <line num="4" count="6" type="stmt"/>
        <line num="5" count="6" type="stmt"/>
        <line num="6" count="6" type="stmt"/>
        <line num="7" count="18" type="stmt"/>
        <line num="8" count="6" type="stmt"/>
        <line num="9" count="6" type="stmt"/>
        <line num="10" count="6" type="stmt"/>
        <line num="11" count="6" type="stmt"/>
        <line num="13" count="6" type="stmt"/>
        <line num="14" count="12" type="cond" truecount="3" falsecount="2"/>
        <line num="15" count="12" type="stmt"/>
        <line num="16" count="180" type="cond" truecount="4" falsecount="0"/>
        <line num="17" count="168" type="cond" truecount="2" falsecount="0"/>
        <line num="19" count="12" type="stmt"/>
        <line num="21" count="6" type="stmt"/>
        <line num="22" count="12" type="cond" truecount="6" falsecount="1"/>
        <line num="24" count="6" type="stmt"/>
        <line num="25" count="3" type="stmt"/>
        <line num="27" count="6" type="stmt"/>
        <line num="28" count="6" type="stmt"/>
        <line num="29" count="6" type="stmt"/>
        <line num="34" count="6" type="stmt"/>
        <line num="35" count="3" type="stmt"/>
        <line num="45" count="9" type="stmt"/>
        <line num="50" count="6" type="stmt"/>
      </file>
      <file name="index.ts" path="/mnt/e681fde6-354e-45ed-a091-4f1a9764ed64/git/typescript-react-express-esbuild/src/client/components/navbar/index.ts">
        <metrics statements="23" coveredstatements="22" conditionals="18" coveredconditionals="10" methods="7" coveredmethods="6"/>
        <line num="1" count="5" type="stmt"/>
        <line num="2" count="5" type="stmt"/>
        <line num="3" count="5" type="stmt"/>
        <line num="4" count="5" type="stmt"/>
        <line num="5" count="5" type="stmt"/>
        <line num="6" count="5" type="stmt"/>
        <line num="7" count="15" type="stmt"/>
        <line num="8" count="5" type="stmt"/>
        <line num="9" count="5" type="stmt"/>
        <line num="10" count="5" type="stmt"/>
        <line num="11" count="5" type="stmt"/>
        <line num="13" count="5" type="stmt"/>
        <line num="14" count="15" type="cond" truecount="3" falsecount="2"/>
        <line num="15" count="15" type="stmt"/>
        <line num="16" count="30" type="cond" truecount="2" falsecount="2"/>
        <line num="17" count="0" type="cond" truecount="0" falsecount="2"/>
        <line num="19" count="15" type="stmt"/>
        <line num="21" count="5" type="stmt"/>
        <line num="22" count="10" type="cond" truecount="5" falsecount="2"/>
        <line num="24" count="5" type="stmt"/>
        <line num="25" count="2" type="stmt"/>
        <line num="27" count="5" type="stmt"/>
        <line num="28" count="5" type="stmt"/>
      </file>
    </package>
    <package name="components.navbar.navItem">
      <metrics statements="51" coveredstatements="50" conditionals="38" coveredconditionals="24" methods="15" coveredmethods="13"/>
      <file name="NavItem.tsx" path="/mnt/e681fde6-354e-45ed-a091-4f1a9764ed64/git/typescript-react-express-esbuild/src/client/components/navbar/navItem/NavItem.tsx">
        <metrics statements="28" coveredstatements="28" conditionals="20" coveredconditionals="14" methods="8" coveredmethods="7"/>
        <line num="1" count="6" type="stmt"/>
        <line num="2" count="6" type="stmt"/>
        <line num="3" count="6" type="stmt"/>
        <line num="4" count="6" type="stmt"/>
        <line num="5" count="6" type="stmt"/>
        <line num="6" count="6" type="stmt"/>
        <line num="7" count="18" type="stmt"/>
        <line num="8" count="6" type="stmt"/>
        <line num="9" count="6" type="stmt"/>
        <line num="10" count="6" type="stmt"/>
        <line num="11" count="6" type="stmt"/>
        <line num="13" count="6" type="stmt"/>
        <line num="14" count="12" type="cond" truecount="3" falsecount="2"/>
        <line num="15" count="12" type="stmt"/>
        <line num="16" count="276" type="cond" truecount="3" falsecount="1"/>
        <line num="17" count="276" type="cond" truecount="2" falsecount="0"/>
        <line num="19" count="12" type="stmt"/>
        <line num="21" count="6" type="stmt"/>
        <line num="22" count="12" type="cond" truecount="4" falsecount="3"/>
        <line num="24" count="6" type="stmt"/>
        <line num="25" count="9" type="stmt"/>
        <line num="27" count="6" type="stmt"/>
        <line num="28" count="6" type="stmt"/>
        <line num="29" count="6" type="stmt"/>
        <line num="30" count="9" type="stmt"/>
        <line num="31" count="9" type="stmt"/>
        <line num="32" count="9" type="stmt"/>
        <line num="38" count="6" type="stmt"/>
      </file>
      <file name="index.ts" path="/mnt/e681fde6-354e-45ed-a091-4f1a9764ed64/git/typescript-react-express-esbuild/src/client/components/navbar/navItem/index.ts">
        <metrics statements="23" coveredstatements="22" conditionals="18" coveredconditionals="10" methods="7" coveredmethods="6"/>
        <line num="1" count="6" type="stmt"/>
        <line num="2" count="6" type="stmt"/>
        <line num="3" count="6" type="stmt"/>
        <line num="4" count="6" type="stmt"/>
        <line num="5" count="6" type="stmt"/>
        <line num="6" count="6" type="stmt"/>
        <line num="7" count="18" type="stmt"/>
        <line num="8" count="6" type="stmt"/>
        <line num="9" count="6" type="stmt"/>
        <line num="10" count="6" type="stmt"/>
        <line num="11" count="6" type="stmt"/>
        <line num="13" count="6" type="stmt"/>
        <line num="14" count="18" type="cond" truecount="3" falsecount="2"/>
        <line num="15" count="18" type="stmt"/>
        <line num="16" count="36" type="cond" truecount="2" falsecount="2"/>
        <line num="17" count="0" type="cond" truecount="0" falsecount="2"/>
        <line num="19" count="18" type="stmt"/>
        <line num="21" count="6" type="stmt"/>
        <line num="22" count="12" type="cond" truecount="5" falsecount="2"/>
        <line num="24" count="6" type="stmt"/>
        <line num="25" count="9" type="stmt"/>
        <line num="27" count="6" type="stmt"/>
        <line num="28" count="6" type="stmt"/>
      </file>
    </package>
    <package name="pages">
      <metrics statements="26" coveredstatements="25" conditionals="18" coveredconditionals="10" methods="9" coveredmethods="8"/>
      <file name="index.ts" path="/mnt/e681fde6-354e-45ed-a091-4f1a9764ed64/git/typescript-react-express-esbuild/src/client/pages/index.ts">
        <metrics statements="26" coveredstatements="25" conditionals="18" coveredconditionals="10" methods="9" coveredmethods="8"/>
        <line num="1" count="1" type="stmt"/>
        <line num="2" count="1" type="stmt"/>
        <line num="3" count="1" type="stmt"/>
        <line num="4" count="1" type="stmt"/>
        <line num="5" count="1" type="stmt"/>
        <line num="6" count="1" type="stmt"/>
        <line num="7" count="4" type="stmt"/>
        <line num="8" count="1" type="stmt"/>
        <line num="9" count="1" type="stmt"/>
        <line num="10" count="1" type="stmt"/>
        <line num="11" count="3" type="stmt"/>
        <line num="13" count="1" type="stmt"/>
        <line num="14" count="3" type="cond" truecount="3" falsecount="2"/>
        <line num="15" count="3" type="stmt"/>
        <line num="16" count="6" type="cond" truecount="2" falsecount="2"/>
        <line num="17" count="0" type="cond" truecount="0" falsecount="2"/>
        <line num="19" count="3" type="stmt"/>
        <line num="21" count="1" type="stmt"/>
        <line num="22" count="3" type="cond" truecount="5" falsecount="2"/>
        <line num="24" count="1" type="stmt"/>
        <line num="25" count="1" type="stmt"/>
        <line num="26" count="1" type="stmt"/>
        <line num="27" count="1" type="stmt"/>
        <line num="29" count="1" type="stmt"/>
        <line num="30" count="1" type="stmt"/>
        <line num="31" count="1" type="stmt"/>
      </file>
    </package>
    <package name="pages.about">
      <metrics statements="49" coveredstatements="48" conditionals="36" coveredconditionals="24" methods="15" coveredmethods="13"/>
      <file name="About.tsx" path="/mnt/e681fde6-354e-45ed-a091-4f1a9764ed64/git/typescript-react-express-esbuild/src/client/pages/about/About.tsx">
        <metrics statements="26" coveredstatements="26" conditionals="18" coveredconditionals="14" methods="8" coveredmethods="7"/>
        <line num="1" count="2" type="stmt"/>
        <line num="2" count="2" type="stmt"/>
        <line num="3" count="2" type="stmt"/>
        <line num="4" count="2" type="stmt"/>
        <line num="5" count="2" type="stmt"/>
        <line num="6" count="2" type="stmt"/>
        <line num="7" count="6" type="stmt"/>
        <line num="8" count="2" type="stmt"/>
        <line num="9" count="2" type="stmt"/>
        <line num="10" count="2" type="stmt"/>
        <line num="11" count="2" type="stmt"/>
        <line num="13" count="2" type="stmt"/>
        <line num="14" count="4" type="cond" truecount="3" falsecount="2"/>
        <line num="15" count="4" type="stmt"/>
        <line num="16" count="66" type="cond" truecount="4" falsecount="0"/>
        <line num="17" count="64" type="cond" truecount="2" falsecount="0"/>
        <line num="19" count="4" type="stmt"/>
        <line num="21" count="2" type="stmt"/>
        <line num="22" count="4" type="cond" truecount="5" falsecount="2"/>
        <line num="24" count="2" type="stmt"/>
        <line num="25" count="2" type="stmt"/>
        <line num="27" count="2" type="stmt"/>
        <line num="28" count="2" type="stmt"/>
        <line num="29" count="2" type="stmt"/>
        <line num="30" count="1" type="stmt"/>
        <line num="32" count="2" type="stmt"/>
      </file>
      <file name="index.ts" path="/mnt/e681fde6-354e-45ed-a091-4f1a9764ed64/git/typescript-react-express-esbuild/src/client/pages/about/index.ts">
        <metrics statements="23" coveredstatements="22" conditionals="18" coveredconditionals="10" methods="7" coveredmethods="6"/>
        <line num="1" count="1" type="stmt"/>
        <line num="2" count="1" type="stmt"/>
        <line num="3" count="1" type="stmt"/>
        <line num="4" count="1" type="stmt"/>
        <line num="5" count="1" type="stmt"/>
        <line num="6" count="1" type="stmt"/>
        <line num="7" count="3" type="stmt"/>
        <line num="8" count="1" type="stmt"/>
        <line num="9" count="1" type="stmt"/>
        <line num="10" count="1" type="stmt"/>
        <line num="11" count="1" type="stmt"/>
        <line num="13" count="1" type="stmt"/>
        <line num="14" count="3" type="cond" truecount="3" falsecount="2"/>
        <line num="15" count="3" type="stmt"/>
        <line num="16" count="6" type="cond" truecount="2" falsecount="2"/>
        <line num="17" count="0" type="cond" truecount="0" falsecount="2"/>
        <line num="19" count="3" type="stmt"/>
        <line num="21" count="1" type="stmt"/>
        <line num="22" count="2" type="cond" truecount="5" falsecount="2"/>
        <line num="24" count="1" type="stmt"/>
        <line num="25" count="1" type="stmt"/>
        <line num="27" count="1" type="stmt"/>
        <line num="28" count="1" type="stmt"/>
      </file>
    </package>
    <package name="pages.data">
      <metrics statements="59" coveredstatements="57" conditionals="40" coveredconditionals="28" methods="17" coveredmethods="15"/>
      <file name="Data.tsx" path="/mnt/e681fde6-354e-45ed-a091-4f1a9764ed64/git/typescript-react-express-esbuild/src/client/pages/data/Data.tsx">
        <metrics statements="36" coveredstatements="35" conditionals="22" coveredconditionals="18" methods="10" coveredmethods="9"/>
        <line num="1" count="2" type="stmt"/>
        <line num="2" count="2" type="stmt"/>
        <line num="3" count="2" type="stmt"/>
        <line num="4" count="2" type="stmt"/>
        <line num="5" count="2" type="stmt"/>
        <line num="6" count="2" type="stmt"/>
        <line num="7" count="8" type="stmt"/>
        <line num="8" count="2" type="stmt"/>
        <line num="9" count="2" type="stmt"/>
        <line num="10" count="2" type="stmt"/>
        <line num="11" count="2" type="stmt"/>
        <line num="13" count="2" type="stmt"/>
        <line num="14" count="6" type="cond" truecount="3" falsecount="2"/>
        <line num="15" count="6" type="stmt"/>
        <line num="16" count="70" type="cond" truecount="4" falsecount="0"/>
        <line num="17" count="66" type="cond" truecount="2" falsecount="0"/>
        <line num="19" count="6" type="stmt"/>
        <line num="21" count="2" type="stmt"/>
        <line num="22" count="6" type="cond" truecount="5" falsecount="2"/>
        <line num="24" count="2" type="stmt"/>
        <line num="25" count="2" type="stmt"/>
        <line num="27" count="2" type="stmt"/>
        <line num="28" count="2" type="stmt"/>
        <line num="29" count="2" type="stmt"/>
        <line num="30" count="2" type="stmt"/>
        <line num="31" count="3" type="stmt"/>
        <line num="32" count="3" type="stmt"/>
        <line num="33" count="3" type="stmt"/>
        <line num="35" count="1" type="stmt"/>
        <line num="36" count="1" type="stmt"/>
        <line num="37" count="1" type="stmt"/>
        <line num="38" count="1" type="stmt"/>
        <line num="40" count="0" type="stmt"/>
        <line num="43" count="1" type="stmt"/>
        <line num="45" count="3" type="cond" truecount="4" falsecount="0"/>
        <line num="47" count="2" type="stmt"/>
      </file>
      <file name="index.ts" path="/mnt/e681fde6-354e-45ed-a091-4f1a9764ed64/git/typescript-react-express-esbuild/src/client/pages/data/index.ts">
        <metrics statements="23" coveredstatements="22" conditionals="18" coveredconditionals="10" methods="7" coveredmethods="6"/>
        <line num="1" count="1" type="stmt"/>
        <line num="2" count="1" type="stmt"/>
        <line num="3" count="1" type="stmt"/>
        <line num="4" count="1" type="stmt"/>
        <line num="5" count="1" type="stmt"/>
        <line num="6" count="1" type="stmt"/>
        <line num="7" count="3" type="stmt"/>
        <line num="8" count="1" type="stmt"/>
        <line num="9" count="1" type="stmt"/>
        <line num="10" count="1" type="stmt"/>
        <line num="11" count="1" type="stmt"/>
        <line num="13" count="1" type="stmt"/>
        <line num="14" count="3" type="cond" truecount="3" falsecount="2"/>
        <line num="15" count="3" type="stmt"/>
        <line num="16" count="6" type="cond" truecount="2" falsecount="2"/>
        <line num="17" count="0" type="cond" truecount="0" falsecount="2"/>
        <line num="19" count="3" type="stmt"/>
        <line num="21" count="1" type="stmt"/>
        <line num="22" count="2" type="cond" truecount="5" falsecount="2"/>
        <line num="24" count="1" type="stmt"/>
        <line num="25" count="1" type="stmt"/>
        <line num="27" count="1" type="stmt"/>
        <line num="28" count="1" type="stmt"/>
      </file>
    </package>
    <package name="pages.home">
      <metrics statements="48" coveredstatements="47" conditionals="36" coveredconditionals="24" methods="15" coveredmethods="13"/>
      <file name="Home.tsx" path="/mnt/e681fde6-354e-45ed-a091-4f1a9764ed64/git/typescript-react-express-esbuild/src/client/pages/home/Home.tsx">
        <metrics statements="26" coveredstatements="26" conditionals="18" coveredconditionals="14" methods="8" coveredmethods="7"/>
        <line num="1" count="2" type="stmt"/>
        <line num="2" count="2" type="stmt"/>
        <line num="3" count="2" type="stmt"/>
        <line num="4" count="2" type="stmt"/>
        <line num="5" count="2" type="stmt"/>
        <line num="6" count="2" type="stmt"/>
        <line num="7" count="6" type="stmt"/>
        <line num="8" count="2" type="stmt"/>
        <line num="9" count="2" type="stmt"/>
        <line num="10" count="2" type="stmt"/>
        <line num="11" count="2" type="stmt"/>
        <line num="13" count="2" type="stmt"/>
        <line num="14" count="4" type="cond" truecount="3" falsecount="2"/>
        <line num="15" count="4" type="stmt"/>
        <line num="16" count="66" type="cond" truecount="4" falsecount="0"/>
        <line num="17" count="64" type="cond" truecount="2" falsecount="0"/>
        <line num="19" count="4" type="stmt"/>
        <line num="21" count="2" type="stmt"/>
        <line num="22" count="4" type="cond" truecount="5" falsecount="2"/>
        <line num="24" count="2" type="stmt"/>
        <line num="25" count="2" type="stmt"/>
        <line num="27" count="2" type="stmt"/>
        <line num="28" count="2" type="stmt"/>
        <line num="29" count="2" type="stmt"/>
        <line num="30" count="2" type="stmt"/>
        <line num="36" count="2" type="stmt"/>
      </file>
      <file name="index.ts" path="/mnt/e681fde6-354e-45ed-a091-4f1a9764ed64/git/typescript-react-express-esbuild/src/client/pages/home/index.ts">
        <metrics statements="22" coveredstatements="21" conditionals="18" coveredconditionals="10" methods="7" coveredmethods="6"/>
        <line num="1" count="1" type="stmt"/>
        <line num="2" count="1" type="stmt"/>
        <line num="3" count="1" type="stmt"/>
        <line num="4" count="1" type="stmt"/>
        <line num="5" count="1" type="stmt"/>
        <line num="6" count="1" type="stmt"/>
        <line num="7" count="2" type="stmt"/>
        <line num="8" count="1" type="stmt"/>
        <line num="9" count="1" type="stmt"/>
        <line num="10" count="1" type="stmt"/>
        <line num="11" count="1" type="stmt"/>
        <line num="13" count="1" type="stmt"/>
        <line num="14" count="1" type="cond" truecount="3" falsecount="2"/>
        <line num="15" count="1" type="stmt"/>
        <line num="16" count="2" type="cond" truecount="2" falsecount="2"/>
        <line num="17" count="0" type="cond" truecount="0" falsecount="2"/>
        <line num="19" count="1" type="stmt"/>
        <line num="21" count="1" type="stmt"/>
        <line num="22" count="1" type="cond" truecount="5" falsecount="2"/>
        <line num="24" count="1" type="stmt"/>
        <line num="25" count="1" type="stmt"/>
        <line num="27" count="1" type="stmt"/>
      </file>
    </package>
  </project>
</coverage>
