{"/mnt/e681fde6-354e-45ed-a091-4f1a9764ed64/git/typescript-react-express-esbuild/src/client/app/App.tsx": {"path":"/mnt/e681fde6-354e-45ed-a091-4f1a9764ed64/git/typescript-react-express-esbuild/src/client/app/App.tsx","statementMap":{"0":{"start":{"line":1,"column":15},"end":{"line":1,"column":28}},"1":{"start":{"line":2,"column":16},"end":{"line":2,"column":37}},"2":{"start":{"line":3,"column":23},"end":{"line":3,"column":54}},"3":{"start":{"line":4,"column":24},"end":{"line":4,"column":50}},"4":{"start":{"line":5,"column":19},"end":{"line":5,"column":40}},"5":{"start":{"line":6,"column":19},"end":{"line":6,"column":50}},"6":{"start":{"line":7,"column":21},"end":{"line":7,"column":81}},"7":{"start":{"line":7,"column":33},"end":{"line":7,"column":81}},"8":{"start":{"line":8,"column":15},"end":{"line":12,"column":1}},"9":{"start":{"line":9,"column":2},"end":{"line":9,"column":25}},"10":{"start":{"line":10,"column":2},"end":{"line":11,"column":66}},"11":{"start":{"line":11,"column":4},"end":{"line":11,"column":66}},"12":{"start":{"line":13,"column":17},"end":{"line":20,"column":1}},"13":{"start":{"line":14,"column":2},"end":{"line":18,"column":3}},"14":{"start":{"line":15,"column":4},"end":{"line":17,"column":133}},"15":{"start":{"line":16,"column":6},"end":{"line":17,"column":133}},"16":{"start":{"line":17,"column":8},"end":{"line":17,"column":133}},"17":{"start":{"line":17,"column":44},"end":{"line":17,"column":56}},"18":{"start":{"line":19,"column":2},"end":{"line":19,"column":16}},"19":{"start":{"line":21,"column":17},"end":{"line":23,"column":1}},"20":{"start":{"line":22,"column":2},"end":{"line":22,"column":268}},"21":{"start":{"line":22,"column":181},"end":{"line":22,"column":196}},"22":{"start":{"line":24,"column":0},"end":{"line":26,"column":3}},"23":{"start":{"line":25,"column":17},"end":{"line":25,"column":30}},"24":{"start":{"line":27,"column":19},"end":{"line":27,"column":47}},"25":{"start":{"line":28,"column":30},"end":{"line":28,"column":69}},"26":{"start":{"line":29,"column":19},"end":{"line":29,"column":50}},"27":{"start":{"line":30,"column":24},"end":{"line":30,"column":58}},"28":{"start":{"line":31,"column":12},"end":{"line":45,"column":1}},"29":{"start":{"line":32,"column":2},"end":{"line":44,"column":91}},"30":{"start":{"line":46,"column":20},"end":{"line":46,"column":23}}},"fnMap":{"0":{"name":"(anonymous_0)","decl":{"start":{"line":7,"column":21},"end":{"line":7,"column":22}},"loc":{"start":{"line":7,"column":33},"end":{"line":7,"column":81}},"line":7},"1":{"name":"(anonymous_1)","decl":{"start":{"line":8,"column":15},"end":{"line":8,"column":16}},"loc":{"start":{"line":8,"column":32},"end":{"line":12,"column":1}},"line":8},"2":{"name":"(anonymous_2)","decl":{"start":{"line":13,"column":17},"end":{"line":13,"column":18}},"loc":{"start":{"line":13,"column":44},"end":{"line":20,"column":1}},"line":13},"3":{"name":"(anonymous_3)","decl":{"start":{"line":17,"column":38},"end":{"line":17,"column":39}},"loc":{"start":{"line":17,"column":44},"end":{"line":17,"column":56}},"line":17},"4":{"name":"(anonymous_4)","decl":{"start":{"line":21,"column":17},"end":{"line":21,"column":18}},"loc":{"start":{"line":21,"column":30},"end":{"line":23,"column":1}},"line":21},"5":{"name":"(anonymous_5)","decl":{"start":{"line":22,"column":175},"end":{"line":22,"column":176}},"loc":{"start":{"line":22,"column":181},"end":{"line":22,"column":196}},"line":22},"6":{"name":"(anonymous_6)","decl":{"start":{"line":25,"column":11},"end":{"line":25,"column":12}},"loc":{"start":{"line":25,"column":17},"end":{"line":25,"column":30}},"line":25},"7":{"name":"(anonymous_7)","decl":{"start":{"line":31,"column":12},"end":{"line":31,"column":13}},"loc":{"start":{"line":31,"column":18},"end":{"line":45,"column":1}},"line":31}},"branchMap":{"0":{"loc":{"start":{"line":14,"column":2},"end":{"line":18,"column":3}},"type":"if","locations":[{"start":{"line":14,"column":2},"end":{"line":18,"column":3}},{"start":{"line":14,"column":2},"end":{"line":18,"column":3}}],"line":14},"1":{"loc":{"start":{"line":14,"column":6},"end":{"line":14,"column":77}},"type":"binary-expr","locations":[{"start":{"line":14,"column":6},"end":{"line":14,"column":13}},{"start":{"line":14,"column":17},"end":{"line":14,"column":44}},{"start":{"line":14,"column":48},"end":{"line":14,"column":77}}],"line":14},"2":{"loc":{"start":{"line":16,"column":6},"end":{"line":17,"column":133}},"type":"if","locations":[{"start":{"line":16,"column":6},"end":{"line":17,"column":133}},{"start":{"line":16,"column":6},"end":{"line":17,"column":133}}],"line":16},"3":{"loc":{"start":{"line":16,"column":10},"end":{"line":16,"column":62}},"type":"binary-expr","locations":[{"start":{"line":16,"column":10},"end":{"line":16,"column":41}},{"start":{"line":16,"column":45},"end":{"line":16,"column":62}}],"line":16},"4":{"loc":{"start":{"line":17,"column":70},"end":{"line":17,"column":129}},"type":"binary-expr","locations":[{"start":{"line":17,"column":70},"end":{"line":17,"column":110}},{"start":{"line":17,"column":114},"end":{"line":17,"column":129}}],"line":17},"5":{"loc":{"start":{"line":22,"column":45},"end":{"line":22,"column":99}},"type":"cond-expr","locations":[{"start":{"line":22,"column":63},"end":{"line":22,"column":94}},{"start":{"line":22,"column":97},"end":{"line":22,"column":99}}],"line":22},"6":{"loc":{"start":{"line":22,"column":112},"end":{"line":22,"column":255}},"type":"cond-expr","locations":[{"start":{"line":22,"column":168},"end":{"line":22,"column":216}},{"start":{"line":22,"column":219},"end":{"line":22,"column":255}}],"line":22},"7":{"loc":{"start":{"line":22,"column":112},"end":{"line":22,"column":165}},"type":"binary-expr","locations":[{"start":{"line":22,"column":112},"end":{"line":22,"column":119}},{"start":{"line":22,"column":123},"end":{"line":22,"column":141}},{"start":{"line":22,"column":145},"end":{"line":22,"column":165}}],"line":22}},"s":{"0":1,"1":1,"2":1,"3":1,"4":1,"5":1,"6":1,"7":5,"8":1,"9":1,"10":1,"11":1,"12":1,"13":4,"14":4,"15":55,"16":53,"17":10,"18":4,"19":1,"20":4,"21":0,"22":1,"23":1,"24":1,"25":1,"26":1,"27":1,"28":1,"29":1,"30":1},"f":{"0":5,"1":1,"2":4,"3":10,"4":4,"5":0,"6":1,"7":1},"b":{"0":[4,0],"1":[4,4,0],"2":[53,2],"3":[55,53],"4":[53,53],"5":[4,0],"6":[0,4],"7":[4,4,2]},"inputSourceMap":null,"_coverageSchema":"1a1c01bbd47fc00a2c39e90264f33305004495a9","hash":"33b64e72501471963ee71e4b7ecb5fd4f9b80157"}
,"/mnt/e681fde6-354e-45ed-a091-4f1a9764ed64/git/typescript-react-express-esbuild/src/client/axios/index.ts": {"path":"/mnt/e681fde6-354e-45ed-a091-4f1a9764ed64/git/typescript-react-express-esbuild/src/client/axios/index.ts","statementMap":{"0":{"start":{"line":1,"column":15},"end":{"line":1,"column":28}},"1":{"start":{"line":2,"column":16},"end":{"line":2,"column":37}},"2":{"start":{"line":3,"column":23},"end":{"line":3,"column":54}},"3":{"start":{"line":4,"column":24},"end":{"line":4,"column":50}},"4":{"start":{"line":5,"column":19},"end":{"line":5,"column":40}},"5":{"start":{"line":6,"column":19},"end":{"line":6,"column":50}},"6":{"start":{"line":7,"column":21},"end":{"line":7,"column":81}},"7":{"start":{"line":7,"column":33},"end":{"line":7,"column":81}},"8":{"start":{"line":8,"column":17},"end":{"line":15,"column":1}},"9":{"start":{"line":9,"column":2},"end":{"line":13,"column":3}},"10":{"start":{"line":10,"column":4},"end":{"line":12,"column":133}},"11":{"start":{"line":11,"column":6},"end":{"line":12,"column":133}},"12":{"start":{"line":12,"column":8},"end":{"line":12,"column":133}},"13":{"start":{"line":12,"column":44},"end":{"line":12,"column":56}},"14":{"start":{"line":14,"column":2},"end":{"line":14,"column":16}},"15":{"start":{"line":16,"column":17},"end":{"line":18,"column":1}},"16":{"start":{"line":17,"column":2},"end":{"line":17,"column":268}},"17":{"start":{"line":17,"column":181},"end":{"line":17,"column":196}},"18":{"start":{"line":19,"column":0},"end":{"line":19,"column":24}},"19":{"start":{"line":20,"column":0},"end":{"line":20,"column":55}}},"fnMap":{"0":{"name":"(anonymous_0)","decl":{"start":{"line":7,"column":21},"end":{"line":7,"column":22}},"loc":{"start":{"line":7,"column":33},"end":{"line":7,"column":81}},"line":7},"1":{"name":"(anonymous_1)","decl":{"start":{"line":8,"column":17},"end":{"line":8,"column":18}},"loc":{"start":{"line":8,"column":44},"end":{"line":15,"column":1}},"line":8},"2":{"name":"(anonymous_2)","decl":{"start":{"line":12,"column":38},"end":{"line":12,"column":39}},"loc":{"start":{"line":12,"column":44},"end":{"line":12,"column":56}},"line":12},"3":{"name":"(anonymous_3)","decl":{"start":{"line":16,"column":17},"end":{"line":16,"column":18}},"loc":{"start":{"line":16,"column":30},"end":{"line":18,"column":1}},"line":16},"4":{"name":"(anonymous_4)","decl":{"start":{"line":17,"column":175},"end":{"line":17,"column":176}},"loc":{"start":{"line":17,"column":181},"end":{"line":17,"column":196}},"line":17}},"branchMap":{"0":{"loc":{"start":{"line":9,"column":2},"end":{"line":13,"column":3}},"type":"if","locations":[{"start":{"line":9,"column":2},"end":{"line":13,"column":3}},{"start":{"line":9,"column":2},"end":{"line":13,"column":3}}],"line":9},"1":{"loc":{"start":{"line":9,"column":6},"end":{"line":9,"column":77}},"type":"binary-expr","locations":[{"start":{"line":9,"column":6},"end":{"line":9,"column":13}},{"start":{"line":9,"column":17},"end":{"line":9,"column":44}},{"start":{"line":9,"column":48},"end":{"line":9,"column":77}}],"line":9},"2":{"loc":{"start":{"line":11,"column":6},"end":{"line":12,"column":133}},"type":"if","locations":[{"start":{"line":11,"column":6},"end":{"line":12,"column":133}},{"start":{"line":11,"column":6},"end":{"line":12,"column":133}}],"line":11},"3":{"loc":{"start":{"line":11,"column":10},"end":{"line":11,"column":62}},"type":"binary-expr","locations":[{"start":{"line":11,"column":10},"end":{"line":11,"column":41}},{"start":{"line":11,"column":45},"end":{"line":11,"column":62}}],"line":11},"4":{"loc":{"start":{"line":12,"column":70},"end":{"line":12,"column":129}},"type":"binary-expr","locations":[{"start":{"line":12,"column":70},"end":{"line":12,"column":110}},{"start":{"line":12,"column":114},"end":{"line":12,"column":129}}],"line":12},"5":{"loc":{"start":{"line":17,"column":45},"end":{"line":17,"column":99}},"type":"cond-expr","locations":[{"start":{"line":17,"column":63},"end":{"line":17,"column":94}},{"start":{"line":17,"column":97},"end":{"line":17,"column":99}}],"line":17},"6":{"loc":{"start":{"line":17,"column":112},"end":{"line":17,"column":255}},"type":"cond-expr","locations":[{"start":{"line":17,"column":168},"end":{"line":17,"column":216}},{"start":{"line":17,"column":219},"end":{"line":17,"column":255}}],"line":17},"7":{"loc":{"start":{"line":17,"column":112},"end":{"line":17,"column":165}},"type":"binary-expr","locations":[{"start":{"line":17,"column":112},"end":{"line":17,"column":119}},{"start":{"line":17,"column":123},"end":{"line":17,"column":141}},{"start":{"line":17,"column":145},"end":{"line":17,"column":165}}],"line":17}},"s":{"0":2,"1":2,"2":2,"3":2,"4":2,"5":2,"6":2,"7":4,"8":2,"9":4,"10":4,"11":10,"12":4,"13":2,"14":4,"15":2,"16":2,"17":0,"18":2,"19":2},"f":{"0":4,"1":4,"2":2,"3":2,"4":0},"b":{"0":[4,0],"1":[4,4,0],"2":[4,6],"3":[10,6],"4":[4,4],"5":[2,0],"6":[0,2],"7":[2,2,2]},"inputSourceMap":null,"_coverageSchema":"1a1c01bbd47fc00a2c39e90264f33305004495a9","hash":"db0c19262cd03f5500788efc78b4cf95598fbde5"}
,"/mnt/e681fde6-354e-45ed-a091-4f1a9764ed64/git/typescript-react-express-esbuild/src/client/axios/instance.ts": {"path":"/mnt/e681fde6-354e-45ed-a091-4f1a9764ed64/git/typescript-react-express-esbuild/src/client/axios/instance.ts","statementMap":{"0":{"start":{"line":1,"column":15},"end":{"line":1,"column":28}},"1":{"start":{"line":2,"column":16},"end":{"line":2,"column":37}},"2":{"start":{"line":3,"column":23},"end":{"line":3,"column":54}},"3":{"start":{"line":4,"column":24},"end":{"line":4,"column":50}},"4":{"start":{"line":5,"column":19},"end":{"line":5,"column":40}},"5":{"start":{"line":6,"column":19},"end":{"line":6,"column":50}},"6":{"start":{"line":7,"column":21},"end":{"line":7,"column":81}},"7":{"start":{"line":7,"column":33},"end":{"line":7,"column":81}},"8":{"start":{"line":8,"column":15},"end":{"line":12,"column":1}},"9":{"start":{"line":9,"column":2},"end":{"line":9,"column":25}},"10":{"start":{"line":10,"column":2},"end":{"line":11,"column":66}},"11":{"start":{"line":11,"column":4},"end":{"line":11,"column":66}},"12":{"start":{"line":13,"column":17},"end":{"line":20,"column":1}},"13":{"start":{"line":14,"column":2},"end":{"line":18,"column":3}},"14":{"start":{"line":15,"column":4},"end":{"line":17,"column":133}},"15":{"start":{"line":16,"column":6},"end":{"line":17,"column":133}},"16":{"start":{"line":17,"column":8},"end":{"line":17,"column":133}},"17":{"start":{"line":17,"column":44},"end":{"line":17,"column":56}},"18":{"start":{"line":19,"column":2},"end":{"line":19,"column":16}},"19":{"start":{"line":21,"column":17},"end":{"line":23,"column":1}},"20":{"start":{"line":22,"column":2},"end":{"line":22,"column":268}},"21":{"start":{"line":22,"column":181},"end":{"line":22,"column":196}},"22":{"start":{"line":24,"column":0},"end":{"line":26,"column":3}},"23":{"start":{"line":25,"column":18},"end":{"line":25,"column":26}},"24":{"start":{"line":27,"column":19},"end":{"line":27,"column":47}},"25":{"start":{"line":28,"column":17},"end":{"line":31,"column":2}}},"fnMap":{"0":{"name":"(anonymous_0)","decl":{"start":{"line":7,"column":21},"end":{"line":7,"column":22}},"loc":{"start":{"line":7,"column":33},"end":{"line":7,"column":81}},"line":7},"1":{"name":"(anonymous_1)","decl":{"start":{"line":8,"column":15},"end":{"line":8,"column":16}},"loc":{"start":{"line":8,"column":32},"end":{"line":12,"column":1}},"line":8},"2":{"name":"(anonymous_2)","decl":{"start":{"line":13,"column":17},"end":{"line":13,"column":18}},"loc":{"start":{"line":13,"column":44},"end":{"line":20,"column":1}},"line":13},"3":{"name":"(anonymous_3)","decl":{"start":{"line":17,"column":38},"end":{"line":17,"column":39}},"loc":{"start":{"line":17,"column":44},"end":{"line":17,"column":56}},"line":17},"4":{"name":"(anonymous_4)","decl":{"start":{"line":21,"column":17},"end":{"line":21,"column":18}},"loc":{"start":{"line":21,"column":30},"end":{"line":23,"column":1}},"line":21},"5":{"name":"(anonymous_5)","decl":{"start":{"line":22,"column":175},"end":{"line":22,"column":176}},"loc":{"start":{"line":22,"column":181},"end":{"line":22,"column":196}},"line":22},"6":{"name":"(anonymous_6)","decl":{"start":{"line":25,"column":12},"end":{"line":25,"column":13}},"loc":{"start":{"line":25,"column":18},"end":{"line":25,"column":26}},"line":25}},"branchMap":{"0":{"loc":{"start":{"line":14,"column":2},"end":{"line":18,"column":3}},"type":"if","locations":[{"start":{"line":14,"column":2},"end":{"line":18,"column":3}},{"start":{"line":14,"column":2},"end":{"line":18,"column":3}}],"line":14},"1":{"loc":{"start":{"line":14,"column":6},"end":{"line":14,"column":77}},"type":"binary-expr","locations":[{"start":{"line":14,"column":6},"end":{"line":14,"column":13}},{"start":{"line":14,"column":17},"end":{"line":14,"column":44}},{"start":{"line":14,"column":48},"end":{"line":14,"column":77}}],"line":14},"2":{"loc":{"start":{"line":16,"column":6},"end":{"line":17,"column":133}},"type":"if","locations":[{"start":{"line":16,"column":6},"end":{"line":17,"column":133}},{"start":{"line":16,"column":6},"end":{"line":17,"column":133}}],"line":16},"3":{"loc":{"start":{"line":16,"column":10},"end":{"line":16,"column":62}},"type":"binary-expr","locations":[{"start":{"line":16,"column":10},"end":{"line":16,"column":41}},{"start":{"line":16,"column":45},"end":{"line":16,"column":62}}],"line":16},"4":{"loc":{"start":{"line":17,"column":70},"end":{"line":17,"column":129}},"type":"binary-expr","locations":[{"start":{"line":17,"column":70},"end":{"line":17,"column":110}},{"start":{"line":17,"column":114},"end":{"line":17,"column":129}}],"line":17},"5":{"loc":{"start":{"line":22,"column":45},"end":{"line":22,"column":99}},"type":"cond-expr","locations":[{"start":{"line":22,"column":63},"end":{"line":22,"column":94}},{"start":{"line":22,"column":97},"end":{"line":22,"column":99}}],"line":22},"6":{"loc":{"start":{"line":22,"column":112},"end":{"line":22,"column":255}},"type":"cond-expr","locations":[{"start":{"line":22,"column":168},"end":{"line":22,"column":216}},{"start":{"line":22,"column":219},"end":{"line":22,"column":255}}],"line":22},"7":{"loc":{"start":{"line":22,"column":112},"end":{"line":22,"column":165}},"type":"binary-expr","locations":[{"start":{"line":22,"column":112},"end":{"line":22,"column":119}},{"start":{"line":22,"column":123},"end":{"line":22,"column":141}},{"start":{"line":22,"column":145},"end":{"line":22,"column":165}}],"line":22}},"s":{"0":2,"1":2,"2":2,"3":2,"4":2,"5":2,"6":2,"7":4,"8":2,"9":2,"10":2,"11":2,"12":2,"13":2,"14":2,"15":4,"16":0,"17":0,"18":2,"19":2,"20":2,"21":2,"22":2,"23":1,"24":2,"25":2},"f":{"0":4,"1":2,"2":2,"3":0,"4":2,"5":2,"6":1},"b":{"0":[2,0],"1":[2,2,0],"2":[0,4],"3":[4,0],"4":[0,0],"5":[2,0],"6":[2,0],"7":[2,2,2]},"inputSourceMap":null,"_coverageSchema":"1a1c01bbd47fc00a2c39e90264f33305004495a9","hash":"ad22142da30e98b0c4dcd5cd3aa074010d072c9f"}
,"/mnt/e681fde6-354e-45ed-a091-4f1a9764ed64/git/typescript-react-express-esbuild/src/client/components/index.ts": {"path":"/mnt/e681fde6-354e-45ed-a091-4f1a9764ed64/git/typescript-react-express-esbuild/src/client/components/index.ts","statementMap":{"0":{"start":{"line":1,"column":15},"end":{"line":1,"column":28}},"1":{"start":{"line":2,"column":16},"end":{"line":2,"column":37}},"2":{"start":{"line":3,"column":23},"end":{"line":3,"column":54}},"3":{"start":{"line":4,"column":24},"end":{"line":4,"column":50}},"4":{"start":{"line":5,"column":19},"end":{"line":5,"column":40}},"5":{"start":{"line":6,"column":19},"end":{"line":6,"column":50}},"6":{"start":{"line":7,"column":21},"end":{"line":7,"column":81}},"7":{"start":{"line":7,"column":33},"end":{"line":7,"column":81}},"8":{"start":{"line":8,"column":15},"end":{"line":12,"column":1}},"9":{"start":{"line":9,"column":2},"end":{"line":9,"column":25}},"10":{"start":{"line":10,"column":2},"end":{"line":11,"column":66}},"11":{"start":{"line":11,"column":4},"end":{"line":11,"column":66}},"12":{"start":{"line":13,"column":17},"end":{"line":20,"column":1}},"13":{"start":{"line":14,"column":2},"end":{"line":18,"column":3}},"14":{"start":{"line":15,"column":4},"end":{"line":17,"column":133}},"15":{"start":{"line":16,"column":6},"end":{"line":17,"column":133}},"16":{"start":{"line":17,"column":8},"end":{"line":17,"column":133}},"17":{"start":{"line":17,"column":44},"end":{"line":17,"column":56}},"18":{"start":{"line":19,"column":2},"end":{"line":19,"column":16}},"19":{"start":{"line":21,"column":17},"end":{"line":23,"column":1}},"20":{"start":{"line":22,"column":2},"end":{"line":22,"column":268}},"21":{"start":{"line":22,"column":181},"end":{"line":22,"column":196}},"22":{"start":{"line":24,"column":0},"end":{"line":29,"column":3}},"23":{"start":{"line":25,"column":16},"end":{"line":25,"column":37}},"24":{"start":{"line":26,"column":16},"end":{"line":26,"column":37}},"25":{"start":{"line":27,"column":14},"end":{"line":27,"column":33}},"26":{"start":{"line":28,"column":16},"end":{"line":28,"column":37}},"27":{"start":{"line":30,"column":20},"end":{"line":30,"column":51}},"28":{"start":{"line":31,"column":20},"end":{"line":31,"column":51}},"29":{"start":{"line":32,"column":20},"end":{"line":32,"column":51}},"30":{"start":{"line":33,"column":18},"end":{"line":33,"column":47}}},"fnMap":{"0":{"name":"(anonymous_0)","decl":{"start":{"line":7,"column":21},"end":{"line":7,"column":22}},"loc":{"start":{"line":7,"column":33},"end":{"line":7,"column":81}},"line":7},"1":{"name":"(anonymous_1)","decl":{"start":{"line":8,"column":15},"end":{"line":8,"column":16}},"loc":{"start":{"line":8,"column":32},"end":{"line":12,"column":1}},"line":8},"2":{"name":"(anonymous_2)","decl":{"start":{"line":13,"column":17},"end":{"line":13,"column":18}},"loc":{"start":{"line":13,"column":44},"end":{"line":20,"column":1}},"line":13},"3":{"name":"(anonymous_3)","decl":{"start":{"line":17,"column":38},"end":{"line":17,"column":39}},"loc":{"start":{"line":17,"column":44},"end":{"line":17,"column":56}},"line":17},"4":{"name":"(anonymous_4)","decl":{"start":{"line":21,"column":17},"end":{"line":21,"column":18}},"loc":{"start":{"line":21,"column":30},"end":{"line":23,"column":1}},"line":21},"5":{"name":"(anonymous_5)","decl":{"start":{"line":22,"column":175},"end":{"line":22,"column":176}},"loc":{"start":{"line":22,"column":181},"end":{"line":22,"column":196}},"line":22},"6":{"name":"(anonymous_6)","decl":{"start":{"line":25,"column":10},"end":{"line":25,"column":11}},"loc":{"start":{"line":25,"column":16},"end":{"line":25,"column":37}},"line":25},"7":{"name":"(anonymous_7)","decl":{"start":{"line":26,"column":10},"end":{"line":26,"column":11}},"loc":{"start":{"line":26,"column":16},"end":{"line":26,"column":37}},"line":26},"8":{"name":"(anonymous_8)","decl":{"start":{"line":27,"column":8},"end":{"line":27,"column":9}},"loc":{"start":{"line":27,"column":14},"end":{"line":27,"column":33}},"line":27},"9":{"name":"(anonymous_9)","decl":{"start":{"line":28,"column":10},"end":{"line":28,"column":11}},"loc":{"start":{"line":28,"column":16},"end":{"line":28,"column":37}},"line":28}},"branchMap":{"0":{"loc":{"start":{"line":14,"column":2},"end":{"line":18,"column":3}},"type":"if","locations":[{"start":{"line":14,"column":2},"end":{"line":18,"column":3}},{"start":{"line":14,"column":2},"end":{"line":18,"column":3}}],"line":14},"1":{"loc":{"start":{"line":14,"column":6},"end":{"line":14,"column":77}},"type":"binary-expr","locations":[{"start":{"line":14,"column":6},"end":{"line":14,"column":13}},{"start":{"line":14,"column":17},"end":{"line":14,"column":44}},{"start":{"line":14,"column":48},"end":{"line":14,"column":77}}],"line":14},"2":{"loc":{"start":{"line":16,"column":6},"end":{"line":17,"column":133}},"type":"if","locations":[{"start":{"line":16,"column":6},"end":{"line":17,"column":133}},{"start":{"line":16,"column":6},"end":{"line":17,"column":133}}],"line":16},"3":{"loc":{"start":{"line":16,"column":10},"end":{"line":16,"column":62}},"type":"binary-expr","locations":[{"start":{"line":16,"column":10},"end":{"line":16,"column":41}},{"start":{"line":16,"column":45},"end":{"line":16,"column":62}}],"line":16},"4":{"loc":{"start":{"line":17,"column":70},"end":{"line":17,"column":129}},"type":"binary-expr","locations":[{"start":{"line":17,"column":70},"end":{"line":17,"column":110}},{"start":{"line":17,"column":114},"end":{"line":17,"column":129}}],"line":17},"5":{"loc":{"start":{"line":22,"column":45},"end":{"line":22,"column":99}},"type":"cond-expr","locations":[{"start":{"line":22,"column":63},"end":{"line":22,"column":94}},{"start":{"line":22,"column":97},"end":{"line":22,"column":99}}],"line":22},"6":{"loc":{"start":{"line":22,"column":112},"end":{"line":22,"column":255}},"type":"cond-expr","locations":[{"start":{"line":22,"column":168},"end":{"line":22,"column":216}},{"start":{"line":22,"column":219},"end":{"line":22,"column":255}}],"line":22},"7":{"loc":{"start":{"line":22,"column":112},"end":{"line":22,"column":165}},"type":"binary-expr","locations":[{"start":{"line":22,"column":112},"end":{"line":22,"column":119}},{"start":{"line":22,"column":123},"end":{"line":22,"column":141}},{"start":{"line":22,"column":145},"end":{"line":22,"column":165}}],"line":22}},"s":{"0":5,"1":5,"2":5,"3":5,"4":5,"5":5,"6":5,"7":25,"8":5,"9":5,"10":5,"11":20,"12":5,"13":20,"14":20,"15":40,"16":0,"17":0,"18":20,"19":5,"20":20,"21":10,"22":5,"23":1,"24":1,"25":6,"26":2,"27":5,"28":5,"29":5,"30":5},"f":{"0":25,"1":5,"2":20,"3":0,"4":20,"5":10,"6":1,"7":1,"8":6,"9":2},"b":{"0":[20,0],"1":[20,20,0],"2":[0,40],"3":[40,0],"4":[0,0],"5":[20,0],"6":[20,0],"7":[20,20,20]},"inputSourceMap":null,"_coverageSchema":"1a1c01bbd47fc00a2c39e90264f33305004495a9","hash":"a38ce695fc815a373e21138cf09d05ef9ae3f375"}
,"/mnt/e681fde6-354e-45ed-a091-4f1a9764ed64/git/typescript-react-express-esbuild/src/client/components/footer/Footer.tsx": {"path":"/mnt/e681fde6-354e-45ed-a091-4f1a9764ed64/git/typescript-react-express-esbuild/src/client/components/footer/Footer.tsx","statementMap":{"0":{"start":{"line":1,"column":15},"end":{"line":1,"column":28}},"1":{"start":{"line":2,"column":16},"end":{"line":2,"column":37}},"2":{"start":{"line":3,"column":23},"end":{"line":3,"column":54}},"3":{"start":{"line":4,"column":24},"end":{"line":4,"column":50}},"4":{"start":{"line":5,"column":19},"end":{"line":5,"column":40}},"5":{"start":{"line":6,"column":19},"end":{"line":6,"column":50}},"6":{"start":{"line":7,"column":21},"end":{"line":7,"column":81}},"7":{"start":{"line":7,"column":33},"end":{"line":7,"column":81}},"8":{"start":{"line":8,"column":15},"end":{"line":12,"column":1}},"9":{"start":{"line":9,"column":2},"end":{"line":9,"column":25}},"10":{"start":{"line":10,"column":2},"end":{"line":11,"column":66}},"11":{"start":{"line":11,"column":4},"end":{"line":11,"column":66}},"12":{"start":{"line":13,"column":17},"end":{"line":20,"column":1}},"13":{"start":{"line":14,"column":2},"end":{"line":18,"column":3}},"14":{"start":{"line":15,"column":4},"end":{"line":17,"column":133}},"15":{"start":{"line":16,"column":6},"end":{"line":17,"column":133}},"16":{"start":{"line":17,"column":8},"end":{"line":17,"column":133}},"17":{"start":{"line":17,"column":44},"end":{"line":17,"column":56}},"18":{"start":{"line":19,"column":2},"end":{"line":19,"column":16}},"19":{"start":{"line":21,"column":17},"end":{"line":23,"column":1}},"20":{"start":{"line":22,"column":2},"end":{"line":22,"column":268}},"21":{"start":{"line":22,"column":181},"end":{"line":22,"column":196}},"22":{"start":{"line":24,"column":0},"end":{"line":26,"column":3}},"23":{"start":{"line":25,"column":17},"end":{"line":25,"column":30}},"24":{"start":{"line":27,"column":19},"end":{"line":27,"column":47}},"25":{"start":{"line":28,"column":15},"end":{"line":34,"column":1}},"26":{"start":{"line":29,"column":2},"end":{"line":33,"column":298}},"27":{"start":{"line":35,"column":20},"end":{"line":35,"column":26}}},"fnMap":{"0":{"name":"(anonymous_0)","decl":{"start":{"line":7,"column":21},"end":{"line":7,"column":22}},"loc":{"start":{"line":7,"column":33},"end":{"line":7,"column":81}},"line":7},"1":{"name":"(anonymous_1)","decl":{"start":{"line":8,"column":15},"end":{"line":8,"column":16}},"loc":{"start":{"line":8,"column":32},"end":{"line":12,"column":1}},"line":8},"2":{"name":"(anonymous_2)","decl":{"start":{"line":13,"column":17},"end":{"line":13,"column":18}},"loc":{"start":{"line":13,"column":44},"end":{"line":20,"column":1}},"line":13},"3":{"name":"(anonymous_3)","decl":{"start":{"line":17,"column":38},"end":{"line":17,"column":39}},"loc":{"start":{"line":17,"column":44},"end":{"line":17,"column":56}},"line":17},"4":{"name":"(anonymous_4)","decl":{"start":{"line":21,"column":17},"end":{"line":21,"column":18}},"loc":{"start":{"line":21,"column":30},"end":{"line":23,"column":1}},"line":21},"5":{"name":"(anonymous_5)","decl":{"start":{"line":22,"column":175},"end":{"line":22,"column":176}},"loc":{"start":{"line":22,"column":181},"end":{"line":22,"column":196}},"line":22},"6":{"name":"(anonymous_6)","decl":{"start":{"line":25,"column":11},"end":{"line":25,"column":12}},"loc":{"start":{"line":25,"column":17},"end":{"line":25,"column":30}},"line":25},"7":{"name":"(anonymous_7)","decl":{"start":{"line":28,"column":15},"end":{"line":28,"column":16}},"loc":{"start":{"line":28,"column":21},"end":{"line":34,"column":1}},"line":28}},"branchMap":{"0":{"loc":{"start":{"line":14,"column":2},"end":{"line":18,"column":3}},"type":"if","locations":[{"start":{"line":14,"column":2},"end":{"line":18,"column":3}},{"start":{"line":14,"column":2},"end":{"line":18,"column":3}}],"line":14},"1":{"loc":{"start":{"line":14,"column":6},"end":{"line":14,"column":77}},"type":"binary-expr","locations":[{"start":{"line":14,"column":6},"end":{"line":14,"column":13}},{"start":{"line":14,"column":17},"end":{"line":14,"column":44}},{"start":{"line":14,"column":48},"end":{"line":14,"column":77}}],"line":14},"2":{"loc":{"start":{"line":16,"column":6},"end":{"line":17,"column":133}},"type":"if","locations":[{"start":{"line":16,"column":6},"end":{"line":17,"column":133}},{"start":{"line":16,"column":6},"end":{"line":17,"column":133}}],"line":16},"3":{"loc":{"start":{"line":16,"column":10},"end":{"line":16,"column":62}},"type":"binary-expr","locations":[{"start":{"line":16,"column":10},"end":{"line":16,"column":41}},{"start":{"line":16,"column":45},"end":{"line":16,"column":62}}],"line":16},"4":{"loc":{"start":{"line":17,"column":70},"end":{"line":17,"column":129}},"type":"binary-expr","locations":[{"start":{"line":17,"column":70},"end":{"line":17,"column":110}},{"start":{"line":17,"column":114},"end":{"line":17,"column":129}}],"line":17},"5":{"loc":{"start":{"line":22,"column":45},"end":{"line":22,"column":99}},"type":"cond-expr","locations":[{"start":{"line":22,"column":63},"end":{"line":22,"column":94}},{"start":{"line":22,"column":97},"end":{"line":22,"column":99}}],"line":22},"6":{"loc":{"start":{"line":22,"column":112},"end":{"line":22,"column":255}},"type":"cond-expr","locations":[{"start":{"line":22,"column":168},"end":{"line":22,"column":216}},{"start":{"line":22,"column":219},"end":{"line":22,"column":255}}],"line":22},"7":{"loc":{"start":{"line":22,"column":112},"end":{"line":22,"column":165}},"type":"binary-expr","locations":[{"start":{"line":22,"column":112},"end":{"line":22,"column":119}},{"start":{"line":22,"column":123},"end":{"line":22,"column":141}},{"start":{"line":22,"column":145},"end":{"line":22,"column":165}}],"line":22}},"s":{"0":6,"1":6,"2":6,"3":6,"4":6,"5":6,"6":6,"7":12,"8":6,"9":6,"10":6,"11":6,"12":6,"13":6,"14":6,"15":168,"16":168,"17":0,"18":6,"19":6,"20":6,"21":0,"22":6,"23":2,"24":6,"25":6,"26":2,"27":6},"f":{"0":12,"1":6,"2":6,"3":0,"4":6,"5":0,"6":2,"7":2},"b":{"0":[6,0],"1":[6,6,0],"2":[168,0],"3":[168,168],"4":[168,168],"5":[6,0],"6":[0,6],"7":[6,6,0]},"inputSourceMap":null,"_coverageSchema":"1a1c01bbd47fc00a2c39e90264f33305004495a9","hash":"faa14c98028b9e35984f9a0176df2e38ae6ce1af"}
,"/mnt/e681fde6-354e-45ed-a091-4f1a9764ed64/git/typescript-react-express-esbuild/src/client/components/footer/index.ts": {"path":"/mnt/e681fde6-354e-45ed-a091-4f1a9764ed64/git/typescript-react-express-esbuild/src/client/components/footer/index.ts","statementMap":{"0":{"start":{"line":1,"column":15},"end":{"line":1,"column":28}},"1":{"start":{"line":2,"column":16},"end":{"line":2,"column":37}},"2":{"start":{"line":3,"column":23},"end":{"line":3,"column":54}},"3":{"start":{"line":4,"column":24},"end":{"line":4,"column":50}},"4":{"start":{"line":5,"column":19},"end":{"line":5,"column":40}},"5":{"start":{"line":6,"column":19},"end":{"line":6,"column":50}},"6":{"start":{"line":7,"column":21},"end":{"line":7,"column":81}},"7":{"start":{"line":7,"column":33},"end":{"line":7,"column":81}},"8":{"start":{"line":8,"column":15},"end":{"line":12,"column":1}},"9":{"start":{"line":9,"column":2},"end":{"line":9,"column":25}},"10":{"start":{"line":10,"column":2},"end":{"line":11,"column":66}},"11":{"start":{"line":11,"column":4},"end":{"line":11,"column":66}},"12":{"start":{"line":13,"column":17},"end":{"line":20,"column":1}},"13":{"start":{"line":14,"column":2},"end":{"line":18,"column":3}},"14":{"start":{"line":15,"column":4},"end":{"line":17,"column":133}},"15":{"start":{"line":16,"column":6},"end":{"line":17,"column":133}},"16":{"start":{"line":17,"column":8},"end":{"line":17,"column":133}},"17":{"start":{"line":17,"column":44},"end":{"line":17,"column":56}},"18":{"start":{"line":19,"column":2},"end":{"line":19,"column":16}},"19":{"start":{"line":21,"column":17},"end":{"line":23,"column":1}},"20":{"start":{"line":22,"column":2},"end":{"line":22,"column":268}},"21":{"start":{"line":22,"column":181},"end":{"line":22,"column":196}},"22":{"start":{"line":24,"column":0},"end":{"line":26,"column":3}},"23":{"start":{"line":25,"column":17},"end":{"line":25,"column":38}},"24":{"start":{"line":27,"column":20},"end":{"line":27,"column":51}},"25":{"start":{"line":28,"column":0},"end":{"line":28,"column":53}}},"fnMap":{"0":{"name":"(anonymous_0)","decl":{"start":{"line":7,"column":21},"end":{"line":7,"column":22}},"loc":{"start":{"line":7,"column":33},"end":{"line":7,"column":81}},"line":7},"1":{"name":"(anonymous_1)","decl":{"start":{"line":8,"column":15},"end":{"line":8,"column":16}},"loc":{"start":{"line":8,"column":32},"end":{"line":12,"column":1}},"line":8},"2":{"name":"(anonymous_2)","decl":{"start":{"line":13,"column":17},"end":{"line":13,"column":18}},"loc":{"start":{"line":13,"column":44},"end":{"line":20,"column":1}},"line":13},"3":{"name":"(anonymous_3)","decl":{"start":{"line":17,"column":38},"end":{"line":17,"column":39}},"loc":{"start":{"line":17,"column":44},"end":{"line":17,"column":56}},"line":17},"4":{"name":"(anonymous_4)","decl":{"start":{"line":21,"column":17},"end":{"line":21,"column":18}},"loc":{"start":{"line":21,"column":30},"end":{"line":23,"column":1}},"line":21},"5":{"name":"(anonymous_5)","decl":{"start":{"line":22,"column":175},"end":{"line":22,"column":176}},"loc":{"start":{"line":22,"column":181},"end":{"line":22,"column":196}},"line":22},"6":{"name":"(anonymous_6)","decl":{"start":{"line":25,"column":11},"end":{"line":25,"column":12}},"loc":{"start":{"line":25,"column":17},"end":{"line":25,"column":38}},"line":25}},"branchMap":{"0":{"loc":{"start":{"line":14,"column":2},"end":{"line":18,"column":3}},"type":"if","locations":[{"start":{"line":14,"column":2},"end":{"line":18,"column":3}},{"start":{"line":14,"column":2},"end":{"line":18,"column":3}}],"line":14},"1":{"loc":{"start":{"line":14,"column":6},"end":{"line":14,"column":77}},"type":"binary-expr","locations":[{"start":{"line":14,"column":6},"end":{"line":14,"column":13}},{"start":{"line":14,"column":17},"end":{"line":14,"column":44}},{"start":{"line":14,"column":48},"end":{"line":14,"column":77}}],"line":14},"2":{"loc":{"start":{"line":16,"column":6},"end":{"line":17,"column":133}},"type":"if","locations":[{"start":{"line":16,"column":6},"end":{"line":17,"column":133}},{"start":{"line":16,"column":6},"end":{"line":17,"column":133}}],"line":16},"3":{"loc":{"start":{"line":16,"column":10},"end":{"line":16,"column":62}},"type":"binary-expr","locations":[{"start":{"line":16,"column":10},"end":{"line":16,"column":41}},{"start":{"line":16,"column":45},"end":{"line":16,"column":62}}],"line":16},"4":{"loc":{"start":{"line":17,"column":70},"end":{"line":17,"column":129}},"type":"binary-expr","locations":[{"start":{"line":17,"column":70},"end":{"line":17,"column":110}},{"start":{"line":17,"column":114},"end":{"line":17,"column":129}}],"line":17},"5":{"loc":{"start":{"line":22,"column":45},"end":{"line":22,"column":99}},"type":"cond-expr","locations":[{"start":{"line":22,"column":63},"end":{"line":22,"column":94}},{"start":{"line":22,"column":97},"end":{"line":22,"column":99}}],"line":22},"6":{"loc":{"start":{"line":22,"column":112},"end":{"line":22,"column":255}},"type":"cond-expr","locations":[{"start":{"line":22,"column":168},"end":{"line":22,"column":216}},{"start":{"line":22,"column":219},"end":{"line":22,"column":255}}],"line":22},"7":{"loc":{"start":{"line":22,"column":112},"end":{"line":22,"column":165}},"type":"binary-expr","locations":[{"start":{"line":22,"column":112},"end":{"line":22,"column":119}},{"start":{"line":22,"column":123},"end":{"line":22,"column":141}},{"start":{"line":22,"column":145},"end":{"line":22,"column":165}}],"line":22}},"s":{"0":5,"1":5,"2":5,"3":5,"4":5,"5":5,"6":5,"7":15,"8":5,"9":5,"10":5,"11":5,"12":5,"13":15,"14":15,"15":30,"16":0,"17":0,"18":15,"19":5,"20":10,"21":1,"22":5,"23":1,"24":5,"25":5},"f":{"0":15,"1":5,"2":15,"3":0,"4":10,"5":1,"6":1},"b":{"0":[15,0],"1":[15,15,0],"2":[0,30],"3":[30,0],"4":[0,0],"5":[10,0],"6":[10,0],"7":[10,10,10]},"inputSourceMap":null,"_coverageSchema":"1a1c01bbd47fc00a2c39e90264f33305004495a9","hash":"78fb1f8243992be37070d97e99f8bb83b2a81ad3"}
,"/mnt/e681fde6-354e-45ed-a091-4f1a9764ed64/git/typescript-react-express-esbuild/src/client/components/header/Header.tsx": {"path":"/mnt/e681fde6-354e-45ed-a091-4f1a9764ed64/git/typescript-react-express-esbuild/src/client/components/header/Header.tsx","statementMap":{"0":{"start":{"line":1,"column":15},"end":{"line":1,"column":28}},"1":{"start":{"line":2,"column":16},"end":{"line":2,"column":37}},"2":{"start":{"line":3,"column":23},"end":{"line":3,"column":54}},"3":{"start":{"line":4,"column":24},"end":{"line":4,"column":50}},"4":{"start":{"line":5,"column":19},"end":{"line":5,"column":40}},"5":{"start":{"line":6,"column":19},"end":{"line":6,"column":50}},"6":{"start":{"line":7,"column":21},"end":{"line":7,"column":81}},"7":{"start":{"line":7,"column":33},"end":{"line":7,"column":81}},"8":{"start":{"line":8,"column":15},"end":{"line":12,"column":1}},"9":{"start":{"line":9,"column":2},"end":{"line":9,"column":25}},"10":{"start":{"line":10,"column":2},"end":{"line":11,"column":66}},"11":{"start":{"line":11,"column":4},"end":{"line":11,"column":66}},"12":{"start":{"line":13,"column":17},"end":{"line":20,"column":1}},"13":{"start":{"line":14,"column":2},"end":{"line":18,"column":3}},"14":{"start":{"line":15,"column":4},"end":{"line":17,"column":133}},"15":{"start":{"line":16,"column":6},"end":{"line":17,"column":133}},"16":{"start":{"line":17,"column":8},"end":{"line":17,"column":133}},"17":{"start":{"line":17,"column":44},"end":{"line":17,"column":56}},"18":{"start":{"line":19,"column":2},"end":{"line":19,"column":16}},"19":{"start":{"line":21,"column":17},"end":{"line":23,"column":1}},"20":{"start":{"line":22,"column":2},"end":{"line":22,"column":268}},"21":{"start":{"line":22,"column":181},"end":{"line":22,"column":196}},"22":{"start":{"line":24,"column":0},"end":{"line":26,"column":3}},"23":{"start":{"line":25,"column":17},"end":{"line":25,"column":30}},"24":{"start":{"line":27,"column":19},"end":{"line":27,"column":47}},"25":{"start":{"line":28,"column":24},"end":{"line":28,"column":58}},"26":{"start":{"line":29,"column":15},"end":{"line":31,"column":1}},"27":{"start":{"line":30,"column":2},"end":{"line":30,"column":160}},"28":{"start":{"line":32,"column":20},"end":{"line":32,"column":26}}},"fnMap":{"0":{"name":"(anonymous_0)","decl":{"start":{"line":7,"column":21},"end":{"line":7,"column":22}},"loc":{"start":{"line":7,"column":33},"end":{"line":7,"column":81}},"line":7},"1":{"name":"(anonymous_1)","decl":{"start":{"line":8,"column":15},"end":{"line":8,"column":16}},"loc":{"start":{"line":8,"column":32},"end":{"line":12,"column":1}},"line":8},"2":{"name":"(anonymous_2)","decl":{"start":{"line":13,"column":17},"end":{"line":13,"column":18}},"loc":{"start":{"line":13,"column":44},"end":{"line":20,"column":1}},"line":13},"3":{"name":"(anonymous_3)","decl":{"start":{"line":17,"column":38},"end":{"line":17,"column":39}},"loc":{"start":{"line":17,"column":44},"end":{"line":17,"column":56}},"line":17},"4":{"name":"(anonymous_4)","decl":{"start":{"line":21,"column":17},"end":{"line":21,"column":18}},"loc":{"start":{"line":21,"column":30},"end":{"line":23,"column":1}},"line":21},"5":{"name":"(anonymous_5)","decl":{"start":{"line":22,"column":175},"end":{"line":22,"column":176}},"loc":{"start":{"line":22,"column":181},"end":{"line":22,"column":196}},"line":22},"6":{"name":"(anonymous_6)","decl":{"start":{"line":25,"column":11},"end":{"line":25,"column":12}},"loc":{"start":{"line":25,"column":17},"end":{"line":25,"column":30}},"line":25},"7":{"name":"(anonymous_7)","decl":{"start":{"line":29,"column":15},"end":{"line":29,"column":16}},"loc":{"start":{"line":29,"column":21},"end":{"line":31,"column":1}},"line":29}},"branchMap":{"0":{"loc":{"start":{"line":14,"column":2},"end":{"line":18,"column":3}},"type":"if","locations":[{"start":{"line":14,"column":2},"end":{"line":18,"column":3}},{"start":{"line":14,"column":2},"end":{"line":18,"column":3}}],"line":14},"1":{"loc":{"start":{"line":14,"column":6},"end":{"line":14,"column":77}},"type":"binary-expr","locations":[{"start":{"line":14,"column":6},"end":{"line":14,"column":13}},{"start":{"line":14,"column":17},"end":{"line":14,"column":44}},{"start":{"line":14,"column":48},"end":{"line":14,"column":77}}],"line":14},"2":{"loc":{"start":{"line":16,"column":6},"end":{"line":17,"column":133}},"type":"if","locations":[{"start":{"line":16,"column":6},"end":{"line":17,"column":133}},{"start":{"line":16,"column":6},"end":{"line":17,"column":133}}],"line":16},"3":{"loc":{"start":{"line":16,"column":10},"end":{"line":16,"column":62}},"type":"binary-expr","locations":[{"start":{"line":16,"column":10},"end":{"line":16,"column":41}},{"start":{"line":16,"column":45},"end":{"line":16,"column":62}}],"line":16},"4":{"loc":{"start":{"line":17,"column":70},"end":{"line":17,"column":129}},"type":"binary-expr","locations":[{"start":{"line":17,"column":70},"end":{"line":17,"column":110}},{"start":{"line":17,"column":114},"end":{"line":17,"column":129}}],"line":17},"5":{"loc":{"start":{"line":22,"column":45},"end":{"line":22,"column":99}},"type":"cond-expr","locations":[{"start":{"line":22,"column":63},"end":{"line":22,"column":94}},{"start":{"line":22,"column":97},"end":{"line":22,"column":99}}],"line":22},"6":{"loc":{"start":{"line":22,"column":112},"end":{"line":22,"column":255}},"type":"cond-expr","locations":[{"start":{"line":22,"column":168},"end":{"line":22,"column":216}},{"start":{"line":22,"column":219},"end":{"line":22,"column":255}}],"line":22},"7":{"loc":{"start":{"line":22,"column":112},"end":{"line":22,"column":165}},"type":"binary-expr","locations":[{"start":{"line":22,"column":112},"end":{"line":22,"column":119}},{"start":{"line":22,"column":123},"end":{"line":22,"column":141}},{"start":{"line":22,"column":145},"end":{"line":22,"column":165}}],"line":22}},"s":{"0":5,"1":5,"2":5,"3":5,"4":5,"5":5,"6":5,"7":15,"8":5,"9":5,"10":5,"11":5,"12":5,"13":10,"14":10,"15":165,"16":160,"17":2,"18":10,"19":5,"20":10,"21":0,"22":5,"23":2,"24":5,"25":5,"26":5,"27":2,"28":5},"f":{"0":15,"1":5,"2":10,"3":2,"4":10,"5":0,"6":2,"7":2},"b":{"0":[10,0],"1":[10,10,0],"2":[160,5],"3":[165,160],"4":[160,160],"5":[10,0],"6":[0,10],"7":[10,10,5]},"inputSourceMap":null,"_coverageSchema":"1a1c01bbd47fc00a2c39e90264f33305004495a9","hash":"621478ca8ed968beee7fde3c62046d8f216511ff"}
,"/mnt/e681fde6-354e-45ed-a091-4f1a9764ed64/git/typescript-react-express-esbuild/src/client/components/header/index.ts": {"path":"/mnt/e681fde6-354e-45ed-a091-4f1a9764ed64/git/typescript-react-express-esbuild/src/client/components/header/index.ts","statementMap":{"0":{"start":{"line":1,"column":15},"end":{"line":1,"column":28}},"1":{"start":{"line":2,"column":16},"end":{"line":2,"column":37}},"2":{"start":{"line":3,"column":23},"end":{"line":3,"column":54}},"3":{"start":{"line":4,"column":24},"end":{"line":4,"column":50}},"4":{"start":{"line":5,"column":19},"end":{"line":5,"column":40}},"5":{"start":{"line":6,"column":19},"end":{"line":6,"column":50}},"6":{"start":{"line":7,"column":21},"end":{"line":7,"column":81}},"7":{"start":{"line":7,"column":33},"end":{"line":7,"column":81}},"8":{"start":{"line":8,"column":15},"end":{"line":12,"column":1}},"9":{"start":{"line":9,"column":2},"end":{"line":9,"column":25}},"10":{"start":{"line":10,"column":2},"end":{"line":11,"column":66}},"11":{"start":{"line":11,"column":4},"end":{"line":11,"column":66}},"12":{"start":{"line":13,"column":17},"end":{"line":20,"column":1}},"13":{"start":{"line":14,"column":2},"end":{"line":18,"column":3}},"14":{"start":{"line":15,"column":4},"end":{"line":17,"column":133}},"15":{"start":{"line":16,"column":6},"end":{"line":17,"column":133}},"16":{"start":{"line":17,"column":8},"end":{"line":17,"column":133}},"17":{"start":{"line":17,"column":44},"end":{"line":17,"column":56}},"18":{"start":{"line":19,"column":2},"end":{"line":19,"column":16}},"19":{"start":{"line":21,"column":17},"end":{"line":23,"column":1}},"20":{"start":{"line":22,"column":2},"end":{"line":22,"column":268}},"21":{"start":{"line":22,"column":181},"end":{"line":22,"column":196}},"22":{"start":{"line":24,"column":0},"end":{"line":26,"column":3}},"23":{"start":{"line":25,"column":17},"end":{"line":25,"column":38}},"24":{"start":{"line":27,"column":20},"end":{"line":27,"column":51}},"25":{"start":{"line":28,"column":0},"end":{"line":28,"column":53}}},"fnMap":{"0":{"name":"(anonymous_0)","decl":{"start":{"line":7,"column":21},"end":{"line":7,"column":22}},"loc":{"start":{"line":7,"column":33},"end":{"line":7,"column":81}},"line":7},"1":{"name":"(anonymous_1)","decl":{"start":{"line":8,"column":15},"end":{"line":8,"column":16}},"loc":{"start":{"line":8,"column":32},"end":{"line":12,"column":1}},"line":8},"2":{"name":"(anonymous_2)","decl":{"start":{"line":13,"column":17},"end":{"line":13,"column":18}},"loc":{"start":{"line":13,"column":44},"end":{"line":20,"column":1}},"line":13},"3":{"name":"(anonymous_3)","decl":{"start":{"line":17,"column":38},"end":{"line":17,"column":39}},"loc":{"start":{"line":17,"column":44},"end":{"line":17,"column":56}},"line":17},"4":{"name":"(anonymous_4)","decl":{"start":{"line":21,"column":17},"end":{"line":21,"column":18}},"loc":{"start":{"line":21,"column":30},"end":{"line":23,"column":1}},"line":21},"5":{"name":"(anonymous_5)","decl":{"start":{"line":22,"column":175},"end":{"line":22,"column":176}},"loc":{"start":{"line":22,"column":181},"end":{"line":22,"column":196}},"line":22},"6":{"name":"(anonymous_6)","decl":{"start":{"line":25,"column":11},"end":{"line":25,"column":12}},"loc":{"start":{"line":25,"column":17},"end":{"line":25,"column":38}},"line":25}},"branchMap":{"0":{"loc":{"start":{"line":14,"column":2},"end":{"line":18,"column":3}},"type":"if","locations":[{"start":{"line":14,"column":2},"end":{"line":18,"column":3}},{"start":{"line":14,"column":2},"end":{"line":18,"column":3}}],"line":14},"1":{"loc":{"start":{"line":14,"column":6},"end":{"line":14,"column":77}},"type":"binary-expr","locations":[{"start":{"line":14,"column":6},"end":{"line":14,"column":13}},{"start":{"line":14,"column":17},"end":{"line":14,"column":44}},{"start":{"line":14,"column":48},"end":{"line":14,"column":77}}],"line":14},"2":{"loc":{"start":{"line":16,"column":6},"end":{"line":17,"column":133}},"type":"if","locations":[{"start":{"line":16,"column":6},"end":{"line":17,"column":133}},{"start":{"line":16,"column":6},"end":{"line":17,"column":133}}],"line":16},"3":{"loc":{"start":{"line":16,"column":10},"end":{"line":16,"column":62}},"type":"binary-expr","locations":[{"start":{"line":16,"column":10},"end":{"line":16,"column":41}},{"start":{"line":16,"column":45},"end":{"line":16,"column":62}}],"line":16},"4":{"loc":{"start":{"line":17,"column":70},"end":{"line":17,"column":129}},"type":"binary-expr","locations":[{"start":{"line":17,"column":70},"end":{"line":17,"column":110}},{"start":{"line":17,"column":114},"end":{"line":17,"column":129}}],"line":17},"5":{"loc":{"start":{"line":22,"column":45},"end":{"line":22,"column":99}},"type":"cond-expr","locations":[{"start":{"line":22,"column":63},"end":{"line":22,"column":94}},{"start":{"line":22,"column":97},"end":{"line":22,"column":99}}],"line":22},"6":{"loc":{"start":{"line":22,"column":112},"end":{"line":22,"column":255}},"type":"cond-expr","locations":[{"start":{"line":22,"column":168},"end":{"line":22,"column":216}},{"start":{"line":22,"column":219},"end":{"line":22,"column":255}}],"line":22},"7":{"loc":{"start":{"line":22,"column":112},"end":{"line":22,"column":165}},"type":"binary-expr","locations":[{"start":{"line":22,"column":112},"end":{"line":22,"column":119}},{"start":{"line":22,"column":123},"end":{"line":22,"column":141}},{"start":{"line":22,"column":145},"end":{"line":22,"column":165}}],"line":22}},"s":{"0":5,"1":5,"2":5,"3":5,"4":5,"5":5,"6":5,"7":15,"8":5,"9":5,"10":5,"11":5,"12":5,"13":15,"14":15,"15":30,"16":0,"17":0,"18":15,"19":5,"20":10,"21":1,"22":5,"23":1,"24":5,"25":5},"f":{"0":15,"1":5,"2":15,"3":0,"4":10,"5":1,"6":1},"b":{"0":[15,0],"1":[15,15,0],"2":[0,30],"3":[30,0],"4":[0,0],"5":[10,0],"6":[10,0],"7":[10,10,10]},"inputSourceMap":null,"_coverageSchema":"1a1c01bbd47fc00a2c39e90264f33305004495a9","hash":"4a5a4752c494676ce17e2e4a7a400bf6c7568c0f"}
,"/mnt/e681fde6-354e-45ed-a091-4f1a9764ed64/git/typescript-react-express-esbuild/src/client/components/main/Main.tsx": {"path":"/mnt/e681fde6-354e-45ed-a091-4f1a9764ed64/git/typescript-react-express-esbuild/src/client/components/main/Main.tsx","statementMap":{"0":{"start":{"line":1,"column":15},"end":{"line":1,"column":28}},"1":{"start":{"line":2,"column":16},"end":{"line":2,"column":37}},"2":{"start":{"line":3,"column":23},"end":{"line":3,"column":54}},"3":{"start":{"line":4,"column":24},"end":{"line":4,"column":50}},"4":{"start":{"line":5,"column":19},"end":{"line":5,"column":40}},"5":{"start":{"line":6,"column":19},"end":{"line":6,"column":50}},"6":{"start":{"line":7,"column":21},"end":{"line":7,"column":81}},"7":{"start":{"line":7,"column":33},"end":{"line":7,"column":81}},"8":{"start":{"line":8,"column":15},"end":{"line":12,"column":1}},"9":{"start":{"line":9,"column":2},"end":{"line":9,"column":25}},"10":{"start":{"line":10,"column":2},"end":{"line":11,"column":66}},"11":{"start":{"line":11,"column":4},"end":{"line":11,"column":66}},"12":{"start":{"line":13,"column":17},"end":{"line":20,"column":1}},"13":{"start":{"line":14,"column":2},"end":{"line":18,"column":3}},"14":{"start":{"line":15,"column":4},"end":{"line":17,"column":133}},"15":{"start":{"line":16,"column":6},"end":{"line":17,"column":133}},"16":{"start":{"line":17,"column":8},"end":{"line":17,"column":133}},"17":{"start":{"line":17,"column":44},"end":{"line":17,"column":56}},"18":{"start":{"line":19,"column":2},"end":{"line":19,"column":16}},"19":{"start":{"line":21,"column":17},"end":{"line":23,"column":1}},"20":{"start":{"line":22,"column":2},"end":{"line":22,"column":268}},"21":{"start":{"line":22,"column":181},"end":{"line":22,"column":196}},"22":{"start":{"line":24,"column":0},"end":{"line":26,"column":3}},"23":{"start":{"line":25,"column":17},"end":{"line":25,"column":30}},"24":{"start":{"line":27,"column":19},"end":{"line":27,"column":47}},"25":{"start":{"line":28,"column":13},"end":{"line":32,"column":1}},"26":{"start":{"line":29,"column":2},"end":{"line":31,"column":15}},"27":{"start":{"line":33,"column":20},"end":{"line":33,"column":24}}},"fnMap":{"0":{"name":"(anonymous_0)","decl":{"start":{"line":7,"column":21},"end":{"line":7,"column":22}},"loc":{"start":{"line":7,"column":33},"end":{"line":7,"column":81}},"line":7},"1":{"name":"(anonymous_1)","decl":{"start":{"line":8,"column":15},"end":{"line":8,"column":16}},"loc":{"start":{"line":8,"column":32},"end":{"line":12,"column":1}},"line":8},"2":{"name":"(anonymous_2)","decl":{"start":{"line":13,"column":17},"end":{"line":13,"column":18}},"loc":{"start":{"line":13,"column":44},"end":{"line":20,"column":1}},"line":13},"3":{"name":"(anonymous_3)","decl":{"start":{"line":17,"column":38},"end":{"line":17,"column":39}},"loc":{"start":{"line":17,"column":44},"end":{"line":17,"column":56}},"line":17},"4":{"name":"(anonymous_4)","decl":{"start":{"line":21,"column":17},"end":{"line":21,"column":18}},"loc":{"start":{"line":21,"column":30},"end":{"line":23,"column":1}},"line":21},"5":{"name":"(anonymous_5)","decl":{"start":{"line":22,"column":175},"end":{"line":22,"column":176}},"loc":{"start":{"line":22,"column":181},"end":{"line":22,"column":196}},"line":22},"6":{"name":"(anonymous_6)","decl":{"start":{"line":25,"column":11},"end":{"line":25,"column":12}},"loc":{"start":{"line":25,"column":17},"end":{"line":25,"column":30}},"line":25},"7":{"name":"(anonymous_7)","decl":{"start":{"line":28,"column":13},"end":{"line":28,"column":14}},"loc":{"start":{"line":28,"column":31},"end":{"line":32,"column":1}},"line":28}},"branchMap":{"0":{"loc":{"start":{"line":14,"column":2},"end":{"line":18,"column":3}},"type":"if","locations":[{"start":{"line":14,"column":2},"end":{"line":18,"column":3}},{"start":{"line":14,"column":2},"end":{"line":18,"column":3}}],"line":14},"1":{"loc":{"start":{"line":14,"column":6},"end":{"line":14,"column":77}},"type":"binary-expr","locations":[{"start":{"line":14,"column":6},"end":{"line":14,"column":13}},{"start":{"line":14,"column":17},"end":{"line":14,"column":44}},{"start":{"line":14,"column":48},"end":{"line":14,"column":77}}],"line":14},"2":{"loc":{"start":{"line":16,"column":6},"end":{"line":17,"column":133}},"type":"if","locations":[{"start":{"line":16,"column":6},"end":{"line":17,"column":133}},{"start":{"line":16,"column":6},"end":{"line":17,"column":133}}],"line":16},"3":{"loc":{"start":{"line":16,"column":10},"end":{"line":16,"column":62}},"type":"binary-expr","locations":[{"start":{"line":16,"column":10},"end":{"line":16,"column":41}},{"start":{"line":16,"column":45},"end":{"line":16,"column":62}}],"line":16},"4":{"loc":{"start":{"line":17,"column":70},"end":{"line":17,"column":129}},"type":"binary-expr","locations":[{"start":{"line":17,"column":70},"end":{"line":17,"column":110}},{"start":{"line":17,"column":114},"end":{"line":17,"column":129}}],"line":17},"5":{"loc":{"start":{"line":22,"column":45},"end":{"line":22,"column":99}},"type":"cond-expr","locations":[{"start":{"line":22,"column":63},"end":{"line":22,"column":94}},{"start":{"line":22,"column":97},"end":{"line":22,"column":99}}],"line":22},"6":{"loc":{"start":{"line":22,"column":112},"end":{"line":22,"column":255}},"type":"cond-expr","locations":[{"start":{"line":22,"column":168},"end":{"line":22,"column":216}},{"start":{"line":22,"column":219},"end":{"line":22,"column":255}}],"line":22},"7":{"loc":{"start":{"line":22,"column":112},"end":{"line":22,"column":165}},"type":"binary-expr","locations":[{"start":{"line":22,"column":112},"end":{"line":22,"column":119}},{"start":{"line":22,"column":123},"end":{"line":22,"column":141}},{"start":{"line":22,"column":145},"end":{"line":22,"column":165}}],"line":22}},"s":{"0":6,"1":6,"2":6,"3":6,"4":6,"5":6,"6":6,"7":12,"8":6,"9":6,"10":6,"11":6,"12":6,"13":6,"14":6,"15":168,"16":168,"17":0,"18":6,"19":6,"20":6,"21":0,"22":6,"23":7,"24":6,"25":6,"26":7,"27":6},"f":{"0":12,"1":6,"2":6,"3":0,"4":6,"5":0,"6":7,"7":7},"b":{"0":[6,0],"1":[6,6,0],"2":[168,0],"3":[168,168],"4":[168,168],"5":[6,0],"6":[0,6],"7":[6,6,0]},"inputSourceMap":null,"_coverageSchema":"1a1c01bbd47fc00a2c39e90264f33305004495a9","hash":"2fd616faf67a546be2dd5fe8c7c6bdce679d458b"}
,"/mnt/e681fde6-354e-45ed-a091-4f1a9764ed64/git/typescript-react-express-esbuild/src/client/components/main/index.ts": {"path":"/mnt/e681fde6-354e-45ed-a091-4f1a9764ed64/git/typescript-react-express-esbuild/src/client/components/main/index.ts","statementMap":{"0":{"start":{"line":1,"column":15},"end":{"line":1,"column":28}},"1":{"start":{"line":2,"column":16},"end":{"line":2,"column":37}},"2":{"start":{"line":3,"column":23},"end":{"line":3,"column":54}},"3":{"start":{"line":4,"column":24},"end":{"line":4,"column":50}},"4":{"start":{"line":5,"column":19},"end":{"line":5,"column":40}},"5":{"start":{"line":6,"column":19},"end":{"line":6,"column":50}},"6":{"start":{"line":7,"column":21},"end":{"line":7,"column":81}},"7":{"start":{"line":7,"column":33},"end":{"line":7,"column":81}},"8":{"start":{"line":8,"column":15},"end":{"line":12,"column":1}},"9":{"start":{"line":9,"column":2},"end":{"line":9,"column":25}},"10":{"start":{"line":10,"column":2},"end":{"line":11,"column":66}},"11":{"start":{"line":11,"column":4},"end":{"line":11,"column":66}},"12":{"start":{"line":13,"column":17},"end":{"line":20,"column":1}},"13":{"start":{"line":14,"column":2},"end":{"line":18,"column":3}},"14":{"start":{"line":15,"column":4},"end":{"line":17,"column":133}},"15":{"start":{"line":16,"column":6},"end":{"line":17,"column":133}},"16":{"start":{"line":17,"column":8},"end":{"line":17,"column":133}},"17":{"start":{"line":17,"column":44},"end":{"line":17,"column":56}},"18":{"start":{"line":19,"column":2},"end":{"line":19,"column":16}},"19":{"start":{"line":21,"column":17},"end":{"line":23,"column":1}},"20":{"start":{"line":22,"column":2},"end":{"line":22,"column":268}},"21":{"start":{"line":22,"column":181},"end":{"line":22,"column":196}},"22":{"start":{"line":24,"column":0},"end":{"line":26,"column":3}},"23":{"start":{"line":25,"column":17},"end":{"line":25,"column":36}},"24":{"start":{"line":27,"column":18},"end":{"line":27,"column":47}},"25":{"start":{"line":28,"column":0},"end":{"line":28,"column":51}}},"fnMap":{"0":{"name":"(anonymous_0)","decl":{"start":{"line":7,"column":21},"end":{"line":7,"column":22}},"loc":{"start":{"line":7,"column":33},"end":{"line":7,"column":81}},"line":7},"1":{"name":"(anonymous_1)","decl":{"start":{"line":8,"column":15},"end":{"line":8,"column":16}},"loc":{"start":{"line":8,"column":32},"end":{"line":12,"column":1}},"line":8},"2":{"name":"(anonymous_2)","decl":{"start":{"line":13,"column":17},"end":{"line":13,"column":18}},"loc":{"start":{"line":13,"column":44},"end":{"line":20,"column":1}},"line":13},"3":{"name":"(anonymous_3)","decl":{"start":{"line":17,"column":38},"end":{"line":17,"column":39}},"loc":{"start":{"line":17,"column":44},"end":{"line":17,"column":56}},"line":17},"4":{"name":"(anonymous_4)","decl":{"start":{"line":21,"column":17},"end":{"line":21,"column":18}},"loc":{"start":{"line":21,"column":30},"end":{"line":23,"column":1}},"line":21},"5":{"name":"(anonymous_5)","decl":{"start":{"line":22,"column":175},"end":{"line":22,"column":176}},"loc":{"start":{"line":22,"column":181},"end":{"line":22,"column":196}},"line":22},"6":{"name":"(anonymous_6)","decl":{"start":{"line":25,"column":11},"end":{"line":25,"column":12}},"loc":{"start":{"line":25,"column":17},"end":{"line":25,"column":36}},"line":25}},"branchMap":{"0":{"loc":{"start":{"line":14,"column":2},"end":{"line":18,"column":3}},"type":"if","locations":[{"start":{"line":14,"column":2},"end":{"line":18,"column":3}},{"start":{"line":14,"column":2},"end":{"line":18,"column":3}}],"line":14},"1":{"loc":{"start":{"line":14,"column":6},"end":{"line":14,"column":77}},"type":"binary-expr","locations":[{"start":{"line":14,"column":6},"end":{"line":14,"column":13}},{"start":{"line":14,"column":17},"end":{"line":14,"column":44}},{"start":{"line":14,"column":48},"end":{"line":14,"column":77}}],"line":14},"2":{"loc":{"start":{"line":16,"column":6},"end":{"line":17,"column":133}},"type":"if","locations":[{"start":{"line":16,"column":6},"end":{"line":17,"column":133}},{"start":{"line":16,"column":6},"end":{"line":17,"column":133}}],"line":16},"3":{"loc":{"start":{"line":16,"column":10},"end":{"line":16,"column":62}},"type":"binary-expr","locations":[{"start":{"line":16,"column":10},"end":{"line":16,"column":41}},{"start":{"line":16,"column":45},"end":{"line":16,"column":62}}],"line":16},"4":{"loc":{"start":{"line":17,"column":70},"end":{"line":17,"column":129}},"type":"binary-expr","locations":[{"start":{"line":17,"column":70},"end":{"line":17,"column":110}},{"start":{"line":17,"column":114},"end":{"line":17,"column":129}}],"line":17},"5":{"loc":{"start":{"line":22,"column":45},"end":{"line":22,"column":99}},"type":"cond-expr","locations":[{"start":{"line":22,"column":63},"end":{"line":22,"column":94}},{"start":{"line":22,"column":97},"end":{"line":22,"column":99}}],"line":22},"6":{"loc":{"start":{"line":22,"column":112},"end":{"line":22,"column":255}},"type":"cond-expr","locations":[{"start":{"line":22,"column":168},"end":{"line":22,"column":216}},{"start":{"line":22,"column":219},"end":{"line":22,"column":255}}],"line":22},"7":{"loc":{"start":{"line":22,"column":112},"end":{"line":22,"column":165}},"type":"binary-expr","locations":[{"start":{"line":22,"column":112},"end":{"line":22,"column":119}},{"start":{"line":22,"column":123},"end":{"line":22,"column":141}},{"start":{"line":22,"column":145},"end":{"line":22,"column":165}}],"line":22}},"s":{"0":5,"1":5,"2":5,"3":5,"4":5,"5":5,"6":5,"7":15,"8":5,"9":5,"10":5,"11":5,"12":5,"13":15,"14":15,"15":30,"16":0,"17":0,"18":15,"19":5,"20":10,"21":6,"22":5,"23":6,"24":5,"25":5},"f":{"0":15,"1":5,"2":15,"3":0,"4":10,"5":6,"6":6},"b":{"0":[15,0],"1":[15,15,0],"2":[0,30],"3":[30,0],"4":[0,0],"5":[10,0],"6":[10,0],"7":[10,10,10]},"inputSourceMap":null,"_coverageSchema":"1a1c01bbd47fc00a2c39e90264f33305004495a9","hash":"ac4d77c53ab2c0b8de312c125d1f35a9fea50b8b"}
,"/mnt/e681fde6-354e-45ed-a091-4f1a9764ed64/git/typescript-react-express-esbuild/src/client/components/navbar/Navbar.tsx": {"path":"/mnt/e681fde6-354e-45ed-a091-4f1a9764ed64/git/typescript-react-express-esbuild/src/client/components/navbar/Navbar.tsx","statementMap":{"0":{"start":{"line":1,"column":15},"end":{"line":1,"column":28}},"1":{"start":{"line":2,"column":16},"end":{"line":2,"column":37}},"2":{"start":{"line":3,"column":23},"end":{"line":3,"column":54}},"3":{"start":{"line":4,"column":24},"end":{"line":4,"column":50}},"4":{"start":{"line":5,"column":19},"end":{"line":5,"column":40}},"5":{"start":{"line":6,"column":19},"end":{"line":6,"column":50}},"6":{"start":{"line":7,"column":21},"end":{"line":7,"column":81}},"7":{"start":{"line":7,"column":33},"end":{"line":7,"column":81}},"8":{"start":{"line":8,"column":15},"end":{"line":12,"column":1}},"9":{"start":{"line":9,"column":2},"end":{"line":9,"column":25}},"10":{"start":{"line":10,"column":2},"end":{"line":11,"column":66}},"11":{"start":{"line":11,"column":4},"end":{"line":11,"column":66}},"12":{"start":{"line":13,"column":17},"end":{"line":20,"column":1}},"13":{"start":{"line":14,"column":2},"end":{"line":18,"column":3}},"14":{"start":{"line":15,"column":4},"end":{"line":17,"column":133}},"15":{"start":{"line":16,"column":6},"end":{"line":17,"column":133}},"16":{"start":{"line":17,"column":8},"end":{"line":17,"column":133}},"17":{"start":{"line":17,"column":44},"end":{"line":17,"column":56}},"18":{"start":{"line":19,"column":2},"end":{"line":19,"column":16}},"19":{"start":{"line":21,"column":17},"end":{"line":23,"column":1}},"20":{"start":{"line":22,"column":2},"end":{"line":22,"column":268}},"21":{"start":{"line":22,"column":181},"end":{"line":22,"column":196}},"22":{"start":{"line":24,"column":0},"end":{"line":26,"column":3}},"23":{"start":{"line":25,"column":17},"end":{"line":25,"column":30}},"24":{"start":{"line":27,"column":19},"end":{"line":27,"column":47}},"25":{"start":{"line":28,"column":21},"end":{"line":28,"column":53}},"26":{"start":{"line":29,"column":14},"end":{"line":33,"column":1}},"27":{"start":{"line":34,"column":15},"end":{"line":49,"column":1}},"28":{"start":{"line":35,"column":2},"end":{"line":48,"column":8}},"29":{"start":{"line":45,"column":41},"end":{"line":48,"column":4}},"30":{"start":{"line":50,"column":20},"end":{"line":50,"column":26}}},"fnMap":{"0":{"name":"(anonymous_0)","decl":{"start":{"line":7,"column":21},"end":{"line":7,"column":22}},"loc":{"start":{"line":7,"column":33},"end":{"line":7,"column":81}},"line":7},"1":{"name":"(anonymous_1)","decl":{"start":{"line":8,"column":15},"end":{"line":8,"column":16}},"loc":{"start":{"line":8,"column":32},"end":{"line":12,"column":1}},"line":8},"2":{"name":"(anonymous_2)","decl":{"start":{"line":13,"column":17},"end":{"line":13,"column":18}},"loc":{"start":{"line":13,"column":44},"end":{"line":20,"column":1}},"line":13},"3":{"name":"(anonymous_3)","decl":{"start":{"line":17,"column":38},"end":{"line":17,"column":39}},"loc":{"start":{"line":17,"column":44},"end":{"line":17,"column":56}},"line":17},"4":{"name":"(anonymous_4)","decl":{"start":{"line":21,"column":17},"end":{"line":21,"column":18}},"loc":{"start":{"line":21,"column":30},"end":{"line":23,"column":1}},"line":21},"5":{"name":"(anonymous_5)","decl":{"start":{"line":22,"column":175},"end":{"line":22,"column":176}},"loc":{"start":{"line":22,"column":181},"end":{"line":22,"column":196}},"line":22},"6":{"name":"(anonymous_6)","decl":{"start":{"line":25,"column":11},"end":{"line":25,"column":12}},"loc":{"start":{"line":25,"column":17},"end":{"line":25,"column":30}},"line":25},"7":{"name":"(anonymous_7)","decl":{"start":{"line":34,"column":15},"end":{"line":34,"column":16}},"loc":{"start":{"line":34,"column":21},"end":{"line":49,"column":1}},"line":34},"8":{"name":"(anonymous_8)","decl":{"start":{"line":45,"column":15},"end":{"line":45,"column":16}},"loc":{"start":{"line":45,"column":41},"end":{"line":48,"column":4}},"line":45}},"branchMap":{"0":{"loc":{"start":{"line":14,"column":2},"end":{"line":18,"column":3}},"type":"if","locations":[{"start":{"line":14,"column":2},"end":{"line":18,"column":3}},{"start":{"line":14,"column":2},"end":{"line":18,"column":3}}],"line":14},"1":{"loc":{"start":{"line":14,"column":6},"end":{"line":14,"column":77}},"type":"binary-expr","locations":[{"start":{"line":14,"column":6},"end":{"line":14,"column":13}},{"start":{"line":14,"column":17},"end":{"line":14,"column":44}},{"start":{"line":14,"column":48},"end":{"line":14,"column":77}}],"line":14},"2":{"loc":{"start":{"line":16,"column":6},"end":{"line":17,"column":133}},"type":"if","locations":[{"start":{"line":16,"column":6},"end":{"line":17,"column":133}},{"start":{"line":16,"column":6},"end":{"line":17,"column":133}}],"line":16},"3":{"loc":{"start":{"line":16,"column":10},"end":{"line":16,"column":62}},"type":"binary-expr","locations":[{"start":{"line":16,"column":10},"end":{"line":16,"column":41}},{"start":{"line":16,"column":45},"end":{"line":16,"column":62}}],"line":16},"4":{"loc":{"start":{"line":17,"column":70},"end":{"line":17,"column":129}},"type":"binary-expr","locations":[{"start":{"line":17,"column":70},"end":{"line":17,"column":110}},{"start":{"line":17,"column":114},"end":{"line":17,"column":129}}],"line":17},"5":{"loc":{"start":{"line":22,"column":45},"end":{"line":22,"column":99}},"type":"cond-expr","locations":[{"start":{"line":22,"column":63},"end":{"line":22,"column":94}},{"start":{"line":22,"column":97},"end":{"line":22,"column":99}}],"line":22},"6":{"loc":{"start":{"line":22,"column":112},"end":{"line":22,"column":255}},"type":"cond-expr","locations":[{"start":{"line":22,"column":168},"end":{"line":22,"column":216}},{"start":{"line":22,"column":219},"end":{"line":22,"column":255}}],"line":22},"7":{"loc":{"start":{"line":22,"column":112},"end":{"line":22,"column":165}},"type":"binary-expr","locations":[{"start":{"line":22,"column":112},"end":{"line":22,"column":119}},{"start":{"line":22,"column":123},"end":{"line":22,"column":141}},{"start":{"line":22,"column":145},"end":{"line":22,"column":165}}],"line":22}},"s":{"0":6,"1":6,"2":6,"3":6,"4":6,"5":6,"6":6,"7":18,"8":6,"9":6,"10":6,"11":6,"12":6,"13":12,"14":12,"15":180,"16":168,"17":0,"18":12,"19":6,"20":12,"21":9,"22":6,"23":3,"24":6,"25":6,"26":6,"27":6,"28":3,"29":9,"30":6},"f":{"0":18,"1":6,"2":12,"3":0,"4":12,"5":9,"6":3,"7":3,"8":9},"b":{"0":[12,0],"1":[12,12,0],"2":[168,12],"3":[180,168],"4":[168,168],"5":[12,0],"6":[6,6],"7":[12,12,6]},"inputSourceMap":null,"_coverageSchema":"1a1c01bbd47fc00a2c39e90264f33305004495a9","hash":"2e53894a5aa78e42c0f206620f6fd5d518a50f05"}
,"/mnt/e681fde6-354e-45ed-a091-4f1a9764ed64/git/typescript-react-express-esbuild/src/client/components/navbar/index.ts": {"path":"/mnt/e681fde6-354e-45ed-a091-4f1a9764ed64/git/typescript-react-express-esbuild/src/client/components/navbar/index.ts","statementMap":{"0":{"start":{"line":1,"column":15},"end":{"line":1,"column":28}},"1":{"start":{"line":2,"column":16},"end":{"line":2,"column":37}},"2":{"start":{"line":3,"column":23},"end":{"line":3,"column":54}},"3":{"start":{"line":4,"column":24},"end":{"line":4,"column":50}},"4":{"start":{"line":5,"column":19},"end":{"line":5,"column":40}},"5":{"start":{"line":6,"column":19},"end":{"line":6,"column":50}},"6":{"start":{"line":7,"column":21},"end":{"line":7,"column":81}},"7":{"start":{"line":7,"column":33},"end":{"line":7,"column":81}},"8":{"start":{"line":8,"column":15},"end":{"line":12,"column":1}},"9":{"start":{"line":9,"column":2},"end":{"line":9,"column":25}},"10":{"start":{"line":10,"column":2},"end":{"line":11,"column":66}},"11":{"start":{"line":11,"column":4},"end":{"line":11,"column":66}},"12":{"start":{"line":13,"column":17},"end":{"line":20,"column":1}},"13":{"start":{"line":14,"column":2},"end":{"line":18,"column":3}},"14":{"start":{"line":15,"column":4},"end":{"line":17,"column":133}},"15":{"start":{"line":16,"column":6},"end":{"line":17,"column":133}},"16":{"start":{"line":17,"column":8},"end":{"line":17,"column":133}},"17":{"start":{"line":17,"column":44},"end":{"line":17,"column":56}},"18":{"start":{"line":19,"column":2},"end":{"line":19,"column":16}},"19":{"start":{"line":21,"column":17},"end":{"line":23,"column":1}},"20":{"start":{"line":22,"column":2},"end":{"line":22,"column":268}},"21":{"start":{"line":22,"column":181},"end":{"line":22,"column":196}},"22":{"start":{"line":24,"column":0},"end":{"line":26,"column":3}},"23":{"start":{"line":25,"column":17},"end":{"line":25,"column":38}},"24":{"start":{"line":27,"column":20},"end":{"line":27,"column":51}},"25":{"start":{"line":28,"column":0},"end":{"line":28,"column":53}}},"fnMap":{"0":{"name":"(anonymous_0)","decl":{"start":{"line":7,"column":21},"end":{"line":7,"column":22}},"loc":{"start":{"line":7,"column":33},"end":{"line":7,"column":81}},"line":7},"1":{"name":"(anonymous_1)","decl":{"start":{"line":8,"column":15},"end":{"line":8,"column":16}},"loc":{"start":{"line":8,"column":32},"end":{"line":12,"column":1}},"line":8},"2":{"name":"(anonymous_2)","decl":{"start":{"line":13,"column":17},"end":{"line":13,"column":18}},"loc":{"start":{"line":13,"column":44},"end":{"line":20,"column":1}},"line":13},"3":{"name":"(anonymous_3)","decl":{"start":{"line":17,"column":38},"end":{"line":17,"column":39}},"loc":{"start":{"line":17,"column":44},"end":{"line":17,"column":56}},"line":17},"4":{"name":"(anonymous_4)","decl":{"start":{"line":21,"column":17},"end":{"line":21,"column":18}},"loc":{"start":{"line":21,"column":30},"end":{"line":23,"column":1}},"line":21},"5":{"name":"(anonymous_5)","decl":{"start":{"line":22,"column":175},"end":{"line":22,"column":176}},"loc":{"start":{"line":22,"column":181},"end":{"line":22,"column":196}},"line":22},"6":{"name":"(anonymous_6)","decl":{"start":{"line":25,"column":11},"end":{"line":25,"column":12}},"loc":{"start":{"line":25,"column":17},"end":{"line":25,"column":38}},"line":25}},"branchMap":{"0":{"loc":{"start":{"line":14,"column":2},"end":{"line":18,"column":3}},"type":"if","locations":[{"start":{"line":14,"column":2},"end":{"line":18,"column":3}},{"start":{"line":14,"column":2},"end":{"line":18,"column":3}}],"line":14},"1":{"loc":{"start":{"line":14,"column":6},"end":{"line":14,"column":77}},"type":"binary-expr","locations":[{"start":{"line":14,"column":6},"end":{"line":14,"column":13}},{"start":{"line":14,"column":17},"end":{"line":14,"column":44}},{"start":{"line":14,"column":48},"end":{"line":14,"column":77}}],"line":14},"2":{"loc":{"start":{"line":16,"column":6},"end":{"line":17,"column":133}},"type":"if","locations":[{"start":{"line":16,"column":6},"end":{"line":17,"column":133}},{"start":{"line":16,"column":6},"end":{"line":17,"column":133}}],"line":16},"3":{"loc":{"start":{"line":16,"column":10},"end":{"line":16,"column":62}},"type":"binary-expr","locations":[{"start":{"line":16,"column":10},"end":{"line":16,"column":41}},{"start":{"line":16,"column":45},"end":{"line":16,"column":62}}],"line":16},"4":{"loc":{"start":{"line":17,"column":70},"end":{"line":17,"column":129}},"type":"binary-expr","locations":[{"start":{"line":17,"column":70},"end":{"line":17,"column":110}},{"start":{"line":17,"column":114},"end":{"line":17,"column":129}}],"line":17},"5":{"loc":{"start":{"line":22,"column":45},"end":{"line":22,"column":99}},"type":"cond-expr","locations":[{"start":{"line":22,"column":63},"end":{"line":22,"column":94}},{"start":{"line":22,"column":97},"end":{"line":22,"column":99}}],"line":22},"6":{"loc":{"start":{"line":22,"column":112},"end":{"line":22,"column":255}},"type":"cond-expr","locations":[{"start":{"line":22,"column":168},"end":{"line":22,"column":216}},{"start":{"line":22,"column":219},"end":{"line":22,"column":255}}],"line":22},"7":{"loc":{"start":{"line":22,"column":112},"end":{"line":22,"column":165}},"type":"binary-expr","locations":[{"start":{"line":22,"column":112},"end":{"line":22,"column":119}},{"start":{"line":22,"column":123},"end":{"line":22,"column":141}},{"start":{"line":22,"column":145},"end":{"line":22,"column":165}}],"line":22}},"s":{"0":5,"1":5,"2":5,"3":5,"4":5,"5":5,"6":5,"7":15,"8":5,"9":5,"10":5,"11":5,"12":5,"13":15,"14":15,"15":30,"16":0,"17":0,"18":15,"19":5,"20":10,"21":2,"22":5,"23":2,"24":5,"25":5},"f":{"0":15,"1":5,"2":15,"3":0,"4":10,"5":2,"6":2},"b":{"0":[15,0],"1":[15,15,0],"2":[0,30],"3":[30,0],"4":[0,0],"5":[10,0],"6":[10,0],"7":[10,10,10]},"inputSourceMap":null,"_coverageSchema":"1a1c01bbd47fc00a2c39e90264f33305004495a9","hash":"e27f18ad2c38286bd81342b79a9914aa03329479"}
,"/mnt/e681fde6-354e-45ed-a091-4f1a9764ed64/git/typescript-react-express-esbuild/src/client/components/navbar/navItem/NavItem.tsx": {"path":"/mnt/e681fde6-354e-45ed-a091-4f1a9764ed64/git/typescript-react-express-esbuild/src/client/components/navbar/navItem/NavItem.tsx","statementMap":{"0":{"start":{"line":1,"column":15},"end":{"line":1,"column":28}},"1":{"start":{"line":2,"column":16},"end":{"line":2,"column":37}},"2":{"start":{"line":3,"column":23},"end":{"line":3,"column":54}},"3":{"start":{"line":4,"column":24},"end":{"line":4,"column":50}},"4":{"start":{"line":5,"column":19},"end":{"line":5,"column":40}},"5":{"start":{"line":6,"column":19},"end":{"line":6,"column":50}},"6":{"start":{"line":7,"column":21},"end":{"line":7,"column":81}},"7":{"start":{"line":7,"column":33},"end":{"line":7,"column":81}},"8":{"start":{"line":8,"column":15},"end":{"line":12,"column":1}},"9":{"start":{"line":9,"column":2},"end":{"line":9,"column":25}},"10":{"start":{"line":10,"column":2},"end":{"line":11,"column":66}},"11":{"start":{"line":11,"column":4},"end":{"line":11,"column":66}},"12":{"start":{"line":13,"column":17},"end":{"line":20,"column":1}},"13":{"start":{"line":14,"column":2},"end":{"line":18,"column":3}},"14":{"start":{"line":15,"column":4},"end":{"line":17,"column":133}},"15":{"start":{"line":16,"column":6},"end":{"line":17,"column":133}},"16":{"start":{"line":17,"column":8},"end":{"line":17,"column":133}},"17":{"start":{"line":17,"column":44},"end":{"line":17,"column":56}},"18":{"start":{"line":19,"column":2},"end":{"line":19,"column":16}},"19":{"start":{"line":21,"column":17},"end":{"line":23,"column":1}},"20":{"start":{"line":22,"column":2},"end":{"line":22,"column":268}},"21":{"start":{"line":22,"column":181},"end":{"line":22,"column":196}},"22":{"start":{"line":24,"column":0},"end":{"line":26,"column":3}},"23":{"start":{"line":25,"column":17},"end":{"line":25,"column":30}},"24":{"start":{"line":27,"column":19},"end":{"line":27,"column":47}},"25":{"start":{"line":28,"column":30},"end":{"line":28,"column":69}},"26":{"start":{"line":29,"column":16},"end":{"line":37,"column":1}},"27":{"start":{"line":30,"column":19},"end":{"line":30,"column":61}},"28":{"start":{"line":31,"column":19},"end":{"line":31,"column":50}},"29":{"start":{"line":32,"column":2},"end":{"line":36,"column":17}},"30":{"start":{"line":38,"column":20},"end":{"line":38,"column":27}}},"fnMap":{"0":{"name":"(anonymous_0)","decl":{"start":{"line":7,"column":21},"end":{"line":7,"column":22}},"loc":{"start":{"line":7,"column":33},"end":{"line":7,"column":81}},"line":7},"1":{"name":"(anonymous_1)","decl":{"start":{"line":8,"column":15},"end":{"line":8,"column":16}},"loc":{"start":{"line":8,"column":32},"end":{"line":12,"column":1}},"line":8},"2":{"name":"(anonymous_2)","decl":{"start":{"line":13,"column":17},"end":{"line":13,"column":18}},"loc":{"start":{"line":13,"column":44},"end":{"line":20,"column":1}},"line":13},"3":{"name":"(anonymous_3)","decl":{"start":{"line":17,"column":38},"end":{"line":17,"column":39}},"loc":{"start":{"line":17,"column":44},"end":{"line":17,"column":56}},"line":17},"4":{"name":"(anonymous_4)","decl":{"start":{"line":21,"column":17},"end":{"line":21,"column":18}},"loc":{"start":{"line":21,"column":30},"end":{"line":23,"column":1}},"line":21},"5":{"name":"(anonymous_5)","decl":{"start":{"line":22,"column":175},"end":{"line":22,"column":176}},"loc":{"start":{"line":22,"column":181},"end":{"line":22,"column":196}},"line":22},"6":{"name":"(anonymous_6)","decl":{"start":{"line":25,"column":11},"end":{"line":25,"column":12}},"loc":{"start":{"line":25,"column":17},"end":{"line":25,"column":30}},"line":25},"7":{"name":"(anonymous_7)","decl":{"start":{"line":29,"column":16},"end":{"line":29,"column":17}},"loc":{"start":{"line":29,"column":30},"end":{"line":37,"column":1}},"line":29}},"branchMap":{"0":{"loc":{"start":{"line":14,"column":2},"end":{"line":18,"column":3}},"type":"if","locations":[{"start":{"line":14,"column":2},"end":{"line":18,"column":3}},{"start":{"line":14,"column":2},"end":{"line":18,"column":3}}],"line":14},"1":{"loc":{"start":{"line":14,"column":6},"end":{"line":14,"column":77}},"type":"binary-expr","locations":[{"start":{"line":14,"column":6},"end":{"line":14,"column":13}},{"start":{"line":14,"column":17},"end":{"line":14,"column":44}},{"start":{"line":14,"column":48},"end":{"line":14,"column":77}}],"line":14},"2":{"loc":{"start":{"line":16,"column":6},"end":{"line":17,"column":133}},"type":"if","locations":[{"start":{"line":16,"column":6},"end":{"line":17,"column":133}},{"start":{"line":16,"column":6},"end":{"line":17,"column":133}}],"line":16},"3":{"loc":{"start":{"line":16,"column":10},"end":{"line":16,"column":62}},"type":"binary-expr","locations":[{"start":{"line":16,"column":10},"end":{"line":16,"column":41}},{"start":{"line":16,"column":45},"end":{"line":16,"column":62}}],"line":16},"4":{"loc":{"start":{"line":17,"column":70},"end":{"line":17,"column":129}},"type":"binary-expr","locations":[{"start":{"line":17,"column":70},"end":{"line":17,"column":110}},{"start":{"line":17,"column":114},"end":{"line":17,"column":129}}],"line":17},"5":{"loc":{"start":{"line":22,"column":45},"end":{"line":22,"column":99}},"type":"cond-expr","locations":[{"start":{"line":22,"column":63},"end":{"line":22,"column":94}},{"start":{"line":22,"column":97},"end":{"line":22,"column":99}}],"line":22},"6":{"loc":{"start":{"line":22,"column":112},"end":{"line":22,"column":255}},"type":"cond-expr","locations":[{"start":{"line":22,"column":168},"end":{"line":22,"column":216}},{"start":{"line":22,"column":219},"end":{"line":22,"column":255}}],"line":22},"7":{"loc":{"start":{"line":22,"column":112},"end":{"line":22,"column":165}},"type":"binary-expr","locations":[{"start":{"line":22,"column":112},"end":{"line":22,"column":119}},{"start":{"line":22,"column":123},"end":{"line":22,"column":141}},{"start":{"line":22,"column":145},"end":{"line":22,"column":165}}],"line":22},"8":{"loc":{"start":{"line":33,"column":105},"end":{"line":33,"column":130}},"type":"binary-expr","locations":[{"start":{"line":33,"column":105},"end":{"line":33,"column":113}},{"start":{"line":33,"column":117},"end":{"line":33,"column":130}}],"line":33}},"s":{"0":6,"1":6,"2":6,"3":6,"4":6,"5":6,"6":6,"7":18,"8":6,"9":6,"10":6,"11":6,"12":6,"13":12,"14":12,"15":276,"16":276,"17":18,"18":12,"19":6,"20":12,"21":0,"22":6,"23":9,"24":6,"25":6,"26":6,"27":9,"28":9,"29":9,"30":6},"f":{"0":18,"1":6,"2":12,"3":18,"4":12,"5":0,"6":9,"7":9},"b":{"0":[12,0],"1":[12,12,0],"2":[276,0],"3":[276,276],"4":[276,276],"5":[12,0],"6":[0,12],"7":[12,12,0],"8":[9,3]},"inputSourceMap":null,"_coverageSchema":"1a1c01bbd47fc00a2c39e90264f33305004495a9","hash":"a62e9f72f8ab4e5b02f0ebaeeb9cc8c39118a700"}
[...]
n":70},"end":{"line":17,"column":129}},"type":"binary-expr","locations":[{"start":{"line":17,"column":70},"end":{"line":17,"column":110}},{"start":{"line":17,"column":114},"end":{"line":17,"column":129}}],"line":17},"5":{"loc":{"start":{"line":22,"column":45},"end":{"line":22,"column":99}},"type":"cond-expr","locations":[{"start":{"line":22,"column":63},"end":{"line":22,"column":94}},{"start":{"line":22,"column":97},"end":{"line":22,"column":99}}],"line":22},"6":{"loc":{"start":{"line":22,"column":112},"end":{"line":22,"column":255}},"type":"cond-expr","locations":[{"start":{"line":22,"column":168},"end":{"line":22,"column":216}},{"start":{"line":22,"column":219},"end":{"line":22,"column":255}}],"line":22},"7":{"loc":{"start":{"line":22,"column":112},"end":{"line":22,"column":165}},"type":"binary-expr","locations":[{"start":{"line":22,"column":112},"end":{"line":22,"column":119}},{"start":{"line":22,"column":123},"end":{"line":22,"column":141}},{"start":{"line":22,"column":145},"end":{"line":22,"column":165}}],"line":22},"8":{"loc":{"start":{"line":45,"column":90},"end":{"line":45,"column":179}},"type":"binary-expr","locations":[{"start":{"line":45,"column":90},"end":{"line":45,"column":99}},{"start":{"line":45,"column":119},"end":{"line":45,"column":179}}],"line":45},"9":{"loc":{"start":{"line":45,"column":186},"end":{"line":45,"column":277}},"type":"binary-expr","locations":[{"start":{"line":45,"column":186},"end":{"line":45,"column":196}},{"start":{"line":45,"column":216},"end":{"line":45,"column":277}}],"line":45}},"s":{"0":2,"1":2,"2":2,"3":2,"4":2,"5":2,"6":2,"7":8,"8":2,"9":2,"10":2,"11":2,"12":2,"13":6,"14":6,"15":70,"16":66,"17":13,"18":6,"19":2,"20":6,"21":0,"22":2,"23":2,"24":2,"25":2,"26":2,"27":2,"28":3,"29":3,"30":3,"31":1,"32":1,"33":1,"34":1,"35":0,"36":1,"37":3,"38":2},"f":{"0":8,"1":2,"2":6,"3":13,"4":6,"5":0,"6":2,"7":3,"8":1,"9":1},"b":{"0":[6,0],"1":[6,6,0],"2":[66,4],"3":[70,66],"4":[66,66],"5":[6,0],"6":[0,6],"7":[6,6,4],"8":[3,1],"9":[3,2]},"inputSourceMap":null,"_coverageSchema":"1a1c01bbd47fc00a2c39e90264f33305004495a9","hash":"f8f4749a21c2797a5d2b387b0f9ec7463b68dd21"}
,"/mnt/e681fde6-354e-45ed-a091-4f1a9764ed64/git/typescript-react-express-esbuild/src/client/pages/data/index.ts": {"path":"/mnt/e681fde6-354e-45ed-a091-4f1a9764ed64/git/typescript-react-express-esbuild/src/client/pages/data/index.ts","statementMap":{"0":{"start":{"line":1,"column":15},"end":{"line":1,"column":28}},"1":{"start":{"line":2,"column":16},"end":{"line":2,"column":37}},"2":{"start":{"line":3,"column":23},"end":{"line":3,"column":54}},"3":{"start":{"line":4,"column":24},"end":{"line":4,"column":50}},"4":{"start":{"line":5,"column":19},"end":{"line":5,"column":40}},"5":{"start":{"line":6,"column":19},"end":{"line":6,"column":50}},"6":{"start":{"line":7,"column":21},"end":{"line":7,"column":81}},"7":{"start":{"line":7,"column":33},"end":{"line":7,"column":81}},"8":{"start":{"line":8,"column":15},"end":{"line":12,"column":1}},"9":{"start":{"line":9,"column":2},"end":{"line":9,"column":25}},"10":{"start":{"line":10,"column":2},"end":{"line":11,"column":66}},"11":{"start":{"line":11,"column":4},"end":{"line":11,"column":66}},"12":{"start":{"line":13,"column":17},"end":{"line":20,"column":1}},"13":{"start":{"line":14,"column":2},"end":{"line":18,"column":3}},"14":{"start":{"line":15,"column":4},"end":{"line":17,"column":133}},"15":{"start":{"line":16,"column":6},"end":{"line":17,"column":133}},"16":{"start":{"line":17,"column":8},"end":{"line":17,"column":133}},"17":{"start":{"line":17,"column":44},"end":{"line":17,"column":56}},"18":{"start":{"line":19,"column":2},"end":{"line":19,"column":16}},"19":{"start":{"line":21,"column":17},"end":{"line":23,"column":1}},"20":{"start":{"line":22,"column":2},"end":{"line":22,"column":268}},"21":{"start":{"line":22,"column":181},"end":{"line":22,"column":196}},"22":{"start":{"line":24,"column":0},"end":{"line":26,"column":3}},"23":{"start":{"line":25,"column":17},"end":{"line":25,"column":36}},"24":{"start":{"line":27,"column":18},"end":{"line":27,"column":47}},"25":{"start":{"line":28,"column":0},"end":{"line":28,"column":51}}},"fnMap":{"0":{"name":"(anonymous_0)","decl":{"start":{"line":7,"column":21},"end":{"line":7,"column":22}},"loc":{"start":{"line":7,"column":33},"end":{"line":7,"column":81}},"line":7},"1":{"name":"(anonymous_1)","decl":{"start":{"line":8,"column":15},"end":{"line":8,"column":16}},"loc":{"start":{"line":8,"column":32},"end":{"line":12,"column":1}},"line":8},"2":{"name":"(anonymous_2)","decl":{"start":{"line":13,"column":17},"end":{"line":13,"column":18}},"loc":{"start":{"line":13,"column":44},"end":{"line":20,"column":1}},"line":13},"3":{"name":"(anonymous_3)","decl":{"start":{"line":17,"column":38},"end":{"line":17,"column":39}},"loc":{"start":{"line":17,"column":44},"end":{"line":17,"column":56}},"line":17},"4":{"name":"(anonymous_4)","decl":{"start":{"line":21,"column":17},"end":{"line":21,"column":18}},"loc":{"start":{"line":21,"column":30},"end":{"line":23,"column":1}},"line":21},"5":{"name":"(anonymous_5)","decl":{"start":{"line":22,"column":175},"end":{"line":22,"column":176}},"loc":{"start":{"line":22,"column":181},"end":{"line":22,"column":196}},"line":22},"6":{"name":"(anonymous_6)","decl":{"start":{"line":25,"column":11},"end":{"line":25,"column":12}},"loc":{"start":{"line":25,"column":17},"end":{"line":25,"column":36}},"line":25}},"branchMap":{"0":{"loc":{"start":{"line":14,"column":2},"end":{"line":18,"column":3}},"type":"if","locations":[{"start":{"line":14,"column":2},"end":{"line":18,"column":3}},{"start":{"line":14,"column":2},"end":{"line":18,"column":3}}],"line":14},"1":{"loc":{"start":{"line":14,"column":6},"end":{"line":14,"column":77}},"type":"binary-expr","locations":[{"start":{"line":14,"column":6},"end":{"line":14,"column":13}},{"start":{"line":14,"column":17},"end":{"line":14,"column":44}},{"start":{"line":14,"column":48},"end":{"line":14,"column":77}}],"line":14},"2":{"loc":{"start":{"line":16,"column":6},"end":{"line":17,"column":133}},"type":"if","locations":[{"start":{"line":16,"column":6},"end":{"line":17,"column":133}},{"start":{"line":16,"column":6},"end":{"line":17,"column":133}}],"line":16},"3":{"loc":{"start":{"line":16,"column":10},"end":{"line":16,"column":62}},"type":"binary-expr","locations":[{"start":{"line":16,"column":10},"end":{"line":16,"column":41}},{"start":{"line":16,"column":45},"end":{"line":16,"column":62}}],"line":16},"4":{"loc":{"start":{"line":17,"column":70},"end":{"line":17,"column":129}},"type":"binary-expr","locations":[{"start":{"line":17,"column":70},"end":{"line":17,"column":110}},{"start":{"line":17,"column":114},"end":{"line":17,"column":129}}],"line":17},"5":{"loc":{"start":{"line":22,"column":45},"end":{"line":22,"column":99}},"type":"cond-expr","locations":[{"start":{"line":22,"column":63},"end":{"line":22,"column":94}},{"start":{"line":22,"column":97},"end":{"line":22,"column":99}}],"line":22},"6":{"loc":{"start":{"line":22,"column":112},"end":{"line":22,"column":255}},"type":"cond-expr","locations":[{"start":{"line":22,"column":168},"end":{"line":22,"column":216}},{"start":{"line":22,"column":219},"end":{"line":22,"column":255}}],"line":22},"7":{"loc":{"start":{"line":22,"column":112},"end":{"line":22,"column":165}},"type":"binary-expr","locations":[{"start":{"line":22,"column":112},"end":{"line":22,"column":119}},{"start":{"line":22,"column":123},"end":{"line":22,"column":141}},{"start":{"line":22,"column":145},"end":{"line":22,"column":165}}],"line":22}},"s":{"0":1,"1":1,"2":1,"3":1,"4":1,"5":1,"6":1,"7":3,"8":1,"9":1,"10":1,"11":1,"12":1,"13":3,"14":3,"15":6,"16":0,"17":0,"18":3,"19":1,"20":2,"21":1,"22":1,"23":1,"24":1,"25":1},"f":{"0":3,"1":1,"2":3,"3":0,"4":2,"5":1,"6":1},"b":{"0":[3,0],"1":[3,3,0],"2":[0,6],"3":[6,0],"4":[0,0],"5":[2,0],"6":[2,0],"7":[2,2,2]},"inputSourceMap":null,"_coverageSchema":"1a1c01bbd47fc00a2c39e90264f33305004495a9","hash":"215556457d5cf327527acda83c1a44b80e07cb7b"}
,"/mnt/e681fde6-354e-45ed-a091-4f1a9764ed64/git/typescript-react-express-esbuild/src/client/pages/home/Home.tsx": {"path":"/mnt/e681fde6-354e-45ed-a091-4f1a9764ed64/git/typescript-react-express-esbuild/src/client/pages/home/Home.tsx","statementMap":{"0":{"start":{"line":1,"column":15},"end":{"line":1,"column":28}},"1":{"start":{"line":2,"column":16},"end":{"line":2,"column":37}},"2":{"start":{"line":3,"column":23},"end":{"line":3,"column":54}},"3":{"start":{"line":4,"column":24},"end":{"line":4,"column":50}},"4":{"start":{"line":5,"column":19},"end":{"line":5,"column":40}},"5":{"start":{"line":6,"column":19},"end":{"line":6,"column":50}},"6":{"start":{"line":7,"column":21},"end":{"line":7,"column":81}},"7":{"start":{"line":7,"column":33},"end":{"line":7,"column":81}},"8":{"start":{"line":8,"column":15},"end":{"line":12,"column":1}},"9":{"start":{"line":9,"column":2},"end":{"line":9,"column":25}},"10":{"start":{"line":10,"column":2},"end":{"line":11,"column":66}},"11":{"start":{"line":11,"column":4},"end":{"line":11,"column":66}},"12":{"start":{"line":13,"column":17},"end":{"line":20,"column":1}},"13":{"start":{"line":14,"column":2},"end":{"line":18,"column":3}},"14":{"start":{"line":15,"column":4},"end":{"line":17,"column":133}},"15":{"start":{"line":16,"column":6},"end":{"line":17,"column":133}},"16":{"start":{"line":17,"column":8},"end":{"line":17,"column":133}},"17":{"start":{"line":17,"column":44},"end":{"line":17,"column":56}},"18":{"start":{"line":19,"column":2},"end":{"line":19,"column":16}},"19":{"start":{"line":21,"column":17},"end":{"line":23,"column":1}},"20":{"start":{"line":22,"column":2},"end":{"line":22,"column":268}},"21":{"start":{"line":22,"column":181},"end":{"line":22,"column":196}},"22":{"start":{"line":24,"column":0},"end":{"line":26,"column":3}},"23":{"start":{"line":25,"column":17},"end":{"line":25,"column":30}},"24":{"start":{"line":27,"column":19},"end":{"line":27,"column":47}},"25":{"start":{"line":28,"column":24},"end":{"line":28,"column":58}},"26":{"start":{"line":29,"column":13},"end":{"line":35,"column":1}},"27":{"start":{"line":30,"column":2},"end":{"line":34,"column":204}},"28":{"start":{"line":36,"column":20},"end":{"line":36,"column":24}}},"fnMap":{"0":{"name":"(anonymous_0)","decl":{"start":{"line":7,"column":21},"end":{"line":7,"column":22}},"loc":{"start":{"line":7,"column":33},"end":{"line":7,"column":81}},"line":7},"1":{"name":"(anonymous_1)","decl":{"start":{"line":8,"column":15},"end":{"line":8,"column":16}},"loc":{"start":{"line":8,"column":32},"end":{"line":12,"column":1}},"line":8},"2":{"name":"(anonymous_2)","decl":{"start":{"line":13,"column":17},"end":{"line":13,"column":18}},"loc":{"start":{"line":13,"column":44},"end":{"line":20,"column":1}},"line":13},"3":{"name":"(anonymous_3)","decl":{"start":{"line":17,"column":38},"end":{"line":17,"column":39}},"loc":{"start":{"line":17,"column":44},"end":{"line":17,"column":56}},"line":17},"4":{"name":"(anonymous_4)","decl":{"start":{"line":21,"column":17},"end":{"line":21,"column":18}},"loc":{"start":{"line":21,"column":30},"end":{"line":23,"column":1}},"line":21},"5":{"name":"(anonymous_5)","decl":{"start":{"line":22,"column":175},"end":{"line":22,"column":176}},"loc":{"start":{"line":22,"column":181},"end":{"line":22,"column":196}},"line":22},"6":{"name":"(anonymous_6)","decl":{"start":{"line":25,"column":11},"end":{"line":25,"column":12}},"loc":{"start":{"line":25,"column":17},"end":{"line":25,"column":30}},"line":25},"7":{"name":"(anonymous_7)","decl":{"start":{"line":29,"column":13},"end":{"line":29,"column":14}},"loc":{"start":{"line":29,"column":19},"end":{"line":35,"column":1}},"line":29}},"branchMap":{"0":{"loc":{"start":{"line":14,"column":2},"end":{"line":18,"column":3}},"type":"if","locations":[{"start":{"line":14,"column":2},"end":{"line":18,"column":3}},{"start":{"line":14,"column":2},"end":{"line":18,"column":3}}],"line":14},"1":{"loc":{"start":{"line":14,"column":6},"end":{"line":14,"column":77}},"type":"binary-expr","locations":[{"start":{"line":14,"column":6},"end":{"line":14,"column":13}},{"start":{"line":14,"column":17},"end":{"line":14,"column":44}},{"start":{"line":14,"column":48},"end":{"line":14,"column":77}}],"line":14},"2":{"loc":{"start":{"line":16,"column":6},"end":{"line":17,"column":133}},"type":"if","locations":[{"start":{"line":16,"column":6},"end":{"line":17,"column":133}},{"start":{"line":16,"column":6},"end":{"line":17,"column":133}}],"line":16},"3":{"loc":{"start":{"line":16,"column":10},"end":{"line":16,"column":62}},"type":"binary-expr","locations":[{"start":{"line":16,"column":10},"end":{"line":16,"column":41}},{"start":{"line":16,"column":45},"end":{"line":16,"column":62}}],"line":16},"4":{"loc":{"start":{"line":17,"column":70},"end":{"line":17,"column":129}},"type":"binary-expr","locations":[{"start":{"line":17,"column":70},"end":{"line":17,"column":110}},{"start":{"line":17,"column":114},"end":{"line":17,"column":129}}],"line":17},"5":{"loc":{"start":{"line":22,"column":45},"end":{"line":22,"column":99}},"type":"cond-expr","locations":[{"start":{"line":22,"column":63},"end":{"line":22,"column":94}},{"start":{"line":22,"column":97},"end":{"line":22,"column":99}}],"line":22},"6":{"loc":{"start":{"line":22,"column":112},"end":{"line":22,"column":255}},"type":"cond-expr","locations":[{"start":{"line":22,"column":168},"end":{"line":22,"column":216}},{"start":{"line":22,"column":219},"end":{"line":22,"column":255}}],"line":22},"7":{"loc":{"start":{"line":22,"column":112},"end":{"line":22,"column":165}},"type":"binary-expr","locations":[{"start":{"line":22,"column":112},"end":{"line":22,"column":119}},{"start":{"line":22,"column":123},"end":{"line":22,"column":141}},{"start":{"line":22,"column":145},"end":{"line":22,"column":165}}],"line":22}},"s":{"0":2,"1":2,"2":2,"3":2,"4":2,"5":2,"6":2,"7":6,"8":2,"9":2,"10":2,"11":2,"12":2,"13":4,"14":4,"15":66,"16":64,"17":2,"18":4,"19":2,"20":4,"21":0,"22":2,"23":2,"24":2,"25":2,"26":2,"27":2,"28":2},"f":{"0":6,"1":2,"2":4,"3":2,"4":4,"5":0,"6":2,"7":2},"b":{"0":[4,0],"1":[4,4,0],"2":[64,2],"3":[66,64],"4":[64,64],"5":[4,0],"6":[0,4],"7":[4,4,2]},"inputSourceMap":null,"_coverageSchema":"1a1c01bbd47fc00a2c39e90264f33305004495a9","hash":"11b68e79eeaf1bddf2433671febd49f4f37c56c2"}
,"/mnt/e681fde6-354e-45ed-a091-4f1a9764ed64/git/typescript-react-express-esbuild/src/client/pages/home/index.ts": {"path":"/mnt/e681fde6-354e-45ed-a091-4f1a9764ed64/git/typescript-react-express-esbuild/src/client/pages/home/index.ts","statementMap":{"0":{"start":{"line":1,"column":15},"end":{"line":1,"column":28}},"1":{"start":{"line":2,"column":16},"end":{"line":2,"column":37}},"2":{"start":{"line":3,"column":23},"end":{"line":3,"column":54}},"3":{"start":{"line":4,"column":24},"end":{"line":4,"column":50}},"4":{"start":{"line":5,"column":19},"end":{"line":5,"column":40}},"5":{"start":{"line":6,"column":19},"end":{"line":6,"column":50}},"6":{"start":{"line":7,"column":21},"end":{"line":7,"column":81}},"7":{"start":{"line":7,"column":33},"end":{"line":7,"column":81}},"8":{"start":{"line":8,"column":15},"end":{"line":12,"column":1}},"9":{"start":{"line":9,"column":2},"end":{"line":9,"column":25}},"10":{"start":{"line":10,"column":2},"end":{"line":11,"column":66}},"11":{"start":{"line":11,"column":4},"end":{"line":11,"column":66}},"12":{"start":{"line":13,"column":17},"end":{"line":20,"column":1}},"13":{"start":{"line":14,"column":2},"end":{"line":18,"column":3}},"14":{"start":{"line":15,"column":4},"end":{"line":17,"column":133}},"15":{"start":{"line":16,"column":6},"end":{"line":17,"column":133}},"16":{"start":{"line":17,"column":8},"end":{"line":17,"column":133}},"17":{"start":{"line":17,"column":44},"end":{"line":17,"column":56}},"18":{"start":{"line":19,"column":2},"end":{"line":19,"column":16}},"19":{"start":{"line":21,"column":17},"end":{"line":23,"column":1}},"20":{"start":{"line":22,"column":2},"end":{"line":22,"column":268}},"21":{"start":{"line":22,"column":181},"end":{"line":22,"column":196}},"22":{"start":{"line":24,"column":0},"end":{"line":26,"column":3}},"23":{"start":{"line":25,"column":17},"end":{"line":25,"column":36}},"24":{"start":{"line":27,"column":18},"end":{"line":27,"column":47}}},"fnMap":{"0":{"name":"(anonymous_0)","decl":{"start":{"line":7,"column":21},"end":{"line":7,"column":22}},"loc":{"start":{"line":7,"column":33},"end":{"line":7,"column":81}},"line":7},"1":{"name":"(anonymous_1)","decl":{"start":{"line":8,"column":15},"end":{"line":8,"column":16}},"loc":{"start":{"line":8,"column":32},"end":{"line":12,"column":1}},"line":8},"2":{"name":"(anonymous_2)","decl":{"start":{"line":13,"column":17},"end":{"line":13,"column":18}},"loc":{"start":{"line":13,"column":44},"end":{"line":20,"column":1}},"line":13},"3":{"name":"(anonymous_3)","decl":{"start":{"line":17,"column":38},"end":{"line":17,"column":39}},"loc":{"start":{"line":17,"column":44},"end":{"line":17,"column":56}},"line":17},"4":{"name":"(anonymous_4)","decl":{"start":{"line":21,"column":17},"end":{"line":21,"column":18}},"loc":{"start":{"line":21,"column":30},"end":{"line":23,"column":1}},"line":21},"5":{"name":"(anonymous_5)","decl":{"start":{"line":22,"column":175},"end":{"line":22,"column":176}},"loc":{"start":{"line":22,"column":181},"end":{"line":22,"column":196}},"line":22},"6":{"name":"(anonymous_6)","decl":{"start":{"line":25,"column":11},"end":{"line":25,"column":12}},"loc":{"start":{"line":25,"column":17},"end":{"line":25,"column":36}},"line":25}},"branchMap":{"0":{"loc":{"start":{"line":14,"column":2},"end":{"line":18,"column":3}},"type":"if","locations":[{"start":{"line":14,"column":2},"end":{"line":18,"column":3}},{"start":{"line":14,"column":2},"end":{"line":18,"column":3}}],"line":14},"1":{"loc":{"start":{"line":14,"column":6},"end":{"line":14,"column":77}},"type":"binary-expr","locations":[{"start":{"line":14,"column":6},"end":{"line":14,"column":13}},{"start":{"line":14,"column":17},"end":{"line":14,"column":44}},{"start":{"line":14,"column":48},"end":{"line":14,"column":77}}],"line":14},"2":{"loc":{"start":{"line":16,"column":6},"end":{"line":17,"column":133}},"type":"if","locations":[{"start":{"line":16,"column":6},"end":{"line":17,"column":133}},{"start":{"line":16,"column":6},"end":{"line":17,"column":133}}],"line":16},"3":{"loc":{"start":{"line":16,"column":10},"end":{"line":16,"column":62}},"type":"binary-expr","locations":[{"start":{"line":16,"column":10},"end":{"line":16,"column":41}},{"start":{"line":16,"column":45},"end":{"line":16,"column":62}}],"line":16},"4":{"loc":{"start":{"line":17,"column":70},"end":{"line":17,"column":129}},"type":"binary-expr","locations":[{"start":{"line":17,"column":70},"end":{"line":17,"column":110}},{"start":{"line":17,"column":114},"end":{"line":17,"column":129}}],"line":17},"5":{"loc":{"start":{"line":22,"column":45},"end":{"line":22,"column":99}},"type":"cond-expr","locations":[{"start":{"line":22,"column":63},"end":{"line":22,"column":94}},{"start":{"line":22,"column":97},"end":{"line":22,"column":99}}],"line":22},"6":{"loc":{"start":{"line":22,"column":112},"end":{"line":22,"column":255}},"type":"cond-expr","locations":[{"start":{"line":22,"column":168},"end":{"line":22,"column":216}},{"start":{"line":22,"column":219},"end":{"line":22,"column":255}}],"line":22},"7":{"loc":{"start":{"line":22,"column":112},"end":{"line":22,"column":165}},"type":"binary-expr","locations":[{"start":{"line":22,"column":112},"end":{"line":22,"column":119}},{"start":{"line":22,"column":123},"end":{"line":22,"column":141}},{"start":{"line":22,"column":145},"end":{"line":22,"column":165}}],"line":22}},"s":{"0":1,"1":1,"2":1,"3":1,"4":1,"5":1,"6":1,"7":2,"8":1,"9":1,"10":1,"11":1,"12":1,"13":1,"14":1,"15":2,"16":0,"17":0,"18":1,"19":1,"20":1,"21":1,"22":1,"23":1,"24":1},"f":{"0":2,"1":1,"2":1,"3":0,"4":1,"5":1,"6":1},"b":{"0":[1,0],"1":[1,1,0],"2":[0,2],"3":[2,0],"4":[0,0],"5":[1,0],"6":[1,0],"7":[1,1,1]},"inputSourceMap":null,"_coverageSchema":"1a1c01bbd47fc00a2c39e90264f33305004495a9","hash":"c79fb25b67daf4d45e7ae581622bfdf0dcd2beab"}
}
