TN:
SF:src/client/app/App.tsx
FN:7,(anonymous_0)
FN:8,(anonymous_1)
FN:13,(anonymous_2)
FN:17,(anonymous_3)
FN:21,(anonymous_4)
FN:22,(anonymous_5)
FN:25,(anonymous_6)
FN:31,(anonymous_7)
FNF:8
FNH:7
FNDA:5,(anonymous_0)
FNDA:1,(anonymous_1)
FNDA:4,(anonymous_2)
FNDA:10,(anonymous_3)
FNDA:4,(anonymous_4)
FNDA:0,(anonymous_5)
FNDA:1,(anonymous_6)
FNDA:1,(anonymous_7)
DA:1,1
DA:2,1
DA:3,1
DA:4,1
DA:5,1
DA:6,1
DA:7,5
DA:8,1
DA:9,1
DA:10,1
DA:11,1
DA:13,1
DA:14,4
DA:15,4
DA:16,55
DA:17,53
DA:19,4
DA:21,1
DA:22,4
DA:24,1
DA:25,1
DA:27,1
DA:28,1
DA:29,1
DA:30,1
DA:31,1
DA:32,1
DA:46,1
LF:28
LH:28
BRDA:14,0,0,4
BRDA:14,0,1,0
BRDA:14,1,0,4
BRDA:14,1,1,4
BRDA:14,1,2,0
BRDA:16,2,0,53
BRDA:16,2,1,2
BRDA:16,3,0,55
BRDA:16,3,1,53
BRDA:17,4,0,53
BRDA:17,4,1,53
BRDA:22,5,0,4
BRDA:22,5,1,0
BRDA:22,6,0,0
BRDA:22,6,1,4
BRDA:22,7,0,4
BRDA:22,7,1,4
BRDA:22,7,2,2
BRF:18
BRH:14
end_of_record
TN:
SF:src/client/axios/index.ts
FN:7,(anonymous_0)
FN:8,(anonymous_1)
FN:12,(anonymous_2)
FN:16,(anonymous_3)
FN:17,(anonymous_4)
FNF:5
FNH:4
FNDA:4,(anonymous_0)
FNDA:4,(anonymous_1)
FNDA:2,(anonymous_2)
FNDA:2,(anonymous_3)
FNDA:0,(anonymous_4)
DA:1,2
DA:2,2
DA:3,2
DA:4,2
DA:5,2
DA:6,2
DA:7,4
DA:8,2
DA:9,4
DA:10,4
DA:11,10
DA:12,4
DA:14,4
DA:16,2
DA:17,2
DA:19,2
DA:20,2
LF:17
LH:17
BRDA:9,0,0,4
BRDA:9,0,1,0
BRDA:9,1,0,4
BRDA:9,1,1,4
BRDA:9,1,2,0
BRDA:11,2,0,4
BRDA:11,2,1,6
BRDA:11,3,0,10
BRDA:11,3,1,6
BRDA:12,4,0,4
BRDA:12,4,1,4
BRDA:17,5,0,2
BRDA:17,5,1,0
BRDA:17,6,0,0
BRDA:17,6,1,2
BRDA:17,7,0,2
BRDA:17,7,1,2
BRDA:17,7,2,2
BRF:18
BRH:14
end_of_record
TN:
SF:src/client/axios/instance.ts
FN:7,(anonymous_0)
FN:8,(anonymous_1)
FN:13,(anonymous_2)
FN:17,(anonymous_3)
FN:21,(anonymous_4)
FN:22,(anonymous_5)
FN:25,(anonymous_6)
FNF:7
FNH:6
FNDA:4,(anonymous_0)
FNDA:2,(anonymous_1)
FNDA:2,(anonymous_2)
FNDA:0,(anonymous_3)
FNDA:2,(anonymous_4)
FNDA:2,(anonymous_5)
FNDA:1,(anonymous_6)
DA:1,2
DA:2,2
DA:3,2
DA:4,2
DA:5,2
DA:6,2
DA:7,4
DA:8,2
DA:9,2
DA:10,2
DA:11,2
DA:13,2
DA:14,2
DA:15,2
DA:16,4
DA:17,0
DA:19,2
DA:21,2
DA:22,2
DA:24,2
DA:25,1
DA:27,2
DA:28,2
LF:23
LH:22
BRDA:14,0,0,2
BRDA:14,0,1,0
BRDA:14,1,0,2
BRDA:14,1,1,2
BRDA:14,1,2,0
BRDA:16,2,0,0
BRDA:16,2,1,4
BRDA:16,3,0,4
BRDA:16,3,1,0
BRDA:17,4,0,0
BRDA:17,4,1,0
BRDA:22,5,0,2
BRDA:22,5,1,0
BRDA:22,6,0,2
BRDA:22,6,1,0
BRDA:22,7,0,2
BRDA:22,7,1,2
BRDA:22,7,2,2
BRF:18
BRH:10
end_of_record
TN:
SF:src/client/components/index.ts
FN:7,(anonymous_0)
FN:8,(anonymous_1)
FN:13,(anonymous_2)
FN:17,(anonymous_3)
FN:21,(anonymous_4)
FN:22,(anonymous_5)
FN:25,(anonymous_6)
FN:26,(anonymous_7)
FN:27,(anonymous_8)
FN:28,(anonymous_9)
FNF:10
FNH:9
FNDA:25,(anonymous_0)
FNDA:5,(anonymous_1)
FNDA:20,(anonymous_2)
FNDA:0,(anonymous_3)
FNDA:20,(anonymous_4)
FNDA:10,(anonymous_5)
FNDA:1,(anonymous_6)
FNDA:1,(anonymous_7)
FNDA:6,(anonymous_8)
FNDA:2,(anonymous_9)
DA:1,5
DA:2,5
DA:3,5
DA:4,5
DA:5,5
DA:6,5
DA:7,25
DA:8,5
DA:9,5
DA:10,5
DA:11,20
DA:13,5
DA:14,20
DA:15,20
DA:16,40
DA:17,0
DA:19,20
DA:21,5
DA:22,20
DA:24,5
DA:25,1
DA:26,1
DA:27,6
DA:28,2
DA:30,5
DA:31,5
DA:32,5
DA:33,5
LF:28
LH:27
BRDA:14,0,0,20
BRDA:14,0,1,0
BRDA:14,1,0,20
BRDA:14,1,1,20
BRDA:14,1,2,0
BRDA:16,2,0,0
BRDA:16,2,1,40
BRDA:16,3,0,40
BRDA:16,3,1,0
BRDA:17,4,0,0
BRDA:17,4,1,0
BRDA:22,5,0,20
BRDA:22,5,1,0
BRDA:22,6,0,20
BRDA:22,6,1,0
BRDA:22,7,0,20
BRDA:22,7,1,20
BRDA:22,7,2,20
BRF:18
BRH:10
end_of_record
TN:
SF:src/client/components/footer/Footer.tsx
FN:7,(anonymous_0)
FN:8,(anonymous_1)
FN:13,(anonymous_2)
FN:17,(anonymous_3)
FN:21,(anonymous_4)
FN:22,(anonymous_5)
FN:25,(anonymous_6)
FN:28,(anonymous_7)
FNF:8
FNH:6
FNDA:12,(anonymous_0)
FNDA:6,(anonymous_1)
FNDA:6,(anonymous_2)
FNDA:0,(anonymous_3)
FNDA:6,(anonymous_4)
FNDA:0,(anonymous_5)
FNDA:2,(anonymous_6)
FNDA:2,(anonymous_7)
DA:1,6
DA:2,6
DA:3,6
DA:4,6
DA:5,6
DA:6,6
DA:7,12
DA:8,6
DA:9,6
DA:10,6
DA:11,6
DA:13,6
DA:14,6
DA:15,6
DA:16,168
DA:17,168
DA:19,6
DA:21,6
DA:22,6
DA:24,6
DA:25,2
DA:27,6
DA:28,6
DA:29,2
DA:35,6
LF:25
LH:25
BRDA:14,0,0,6
BRDA:14,0,1,0
BRDA:14,1,0,6
BRDA:14,1,1,6
BRDA:14,1,2,0
BRDA:16,2,0,168
BRDA:16,2,1,0
BRDA:16,3,0,168
BRDA:16,3,1,168
BRDA:17,4,0,168
BRDA:17,4,1,168
BRDA:22,5,0,6
BRDA:22,5,1,0
BRDA:22,6,0,0
BRDA:22,6,1,6
BRDA:22,7,0,6
BRDA:22,7,1,6
BRDA:22,7,2,0
BRF:18
BRH:12
end_of_record
TN:
SF:src/client/components/footer/index.ts
FN:7,(anonymous_0)
FN:8,(anonymous_1)
FN:13,(anonymous_2)
FN:17,(anonymous_3)
FN:21,(anonymous_4)
FN:22,(anonymous_5)
FN:25,(anonymous_6)
FNF:7
FNH:6
FNDA:15,(anonymous_0)
FNDA:5,(anonymous_1)
FNDA:15,(anonymous_2)
FNDA:0,(anonymous_3)
FNDA:10,(anonymous_4)
FNDA:1,(anonymous_5)
FNDA:1,(anonymous_6)
DA:1,5
DA:2,5
DA:3,5
DA:4,5
DA:5,5
DA:6,5
DA:7,15
DA:8,5
DA:9,5
DA:10,5
DA:11,5
DA:13,5
DA:14,15
DA:15,15
DA:16,30
DA:17,0
DA:19,15
DA:21,5
DA:22,10
DA:24,5
DA:25,1
DA:27,5
DA:28,5
LF:23
LH:22
BRDA:14,0,0,15
BRDA:14,0,1,0
BRDA:14,1,0,15
BRDA:14,1,1,15
BRDA:14,1,2,0
BRDA:16,2,0,0
BRDA:16,2,1,30
BRDA:16,3,0,30
BRDA:16,3,1,0
BRDA:17,4,0,0
BRDA:17,4,1,0
BRDA:22,5,0,10
BRDA:22,5,1,0
BRDA:22,6,0,10
BRDA:22,6,1,0
BRDA:22,7,0,10
BRDA:22,7,1,10
BRDA:22,7,2,10
BRF:18
BRH:10
end_of_record
TN:
SF:src/client/components/header/Header.tsx
FN:7,(anonymous_0)
FN:8,(anonymous_1)
FN:13,(anonymous_2)
FN:17,(anonymous_3)
FN:21,(anonymous_4)
FN:22,(anonymous_5)
FN:25,(anonymous_6)
FN:29,(anonymous_7)
FNF:8
FNH:7
FNDA:15,(anonymous_0)
FNDA:5,(anonymous_1)
FNDA:10,(anonymous_2)
FNDA:2,(anonymous_3)
FNDA:10,(anonymous_4)
FNDA:0,(anonymous_5)
FNDA:2,(anonymous_6)
FNDA:2,(anonymous_7)
DA:1,5
DA:2,5
DA:3,5
DA:4,5
DA:5,5
DA:6,5
DA:7,15
DA:8,5
DA:9,5
DA:10,5
DA:11,5
DA:13,5
DA:14,10
DA:15,10
DA:16,165
DA:17,160
DA:19,10
DA:21,5
DA:22,10
DA:24,5
DA:25,2
DA:27,5
DA:28,5
DA:29,5
DA:30,2
DA:32,5
LF:26
LH:26
BRDA:14,0,0,10
BRDA:14,0,1,0
BRDA:14,1,0,10
BRDA:14,1,1,10
BRDA:14,1,2,0
BRDA:16,2,0,160
BRDA:16,2,1,5
BRDA:16,3,0,165
BRDA:16,3,1,160
BRDA:17,4,0,160
BRDA:17,4,1,160
BRDA:22,5,0,10
BRDA:22,5,1,0
BRDA:22,6,0,0
BRDA:22,6,1,10
BRDA:22,7,0,10
BRDA:22,7,1,10
BRDA:22,7,2,5
BRF:18
BRH:14
end_of_record
TN:
SF:src/client/components/header/index.ts
FN:7,(anonymous_0)
FN:8,(anonymous_1)
FN:13,(anonymous_2)
FN:17,(anonymous_3)
FN:21,(anonymous_4)
FN:22,(anonymous_5)
FN:25,(anonymous_6)
FNF:7
FNH:6
FNDA:15,(anonymous_0)
FNDA:5,(anonymous_1)
FNDA:15,(anonymous_2)
FNDA:0,(anonymous_3)
FNDA:10,(anonymous_4)
FNDA:1,(anonymous_5)
FNDA:1,(anonymous_6)
DA:1,5
DA:2,5
DA:3,5
DA:4,5
DA:5,5
DA:6,5
DA:7,15
DA:8,5
DA:9,5
DA:10,5
DA:11,5
DA:13,5
DA:14,15
DA:15,15
DA:16,30
DA:17,0
DA:19,15
DA:21,5
DA:22,10
DA:24,5
DA:25,1
DA:27,5
DA:28,5
LF:23
LH:22
BRDA:14,0,0,15
BRDA:14,0,1,0
BRDA:14,1,0,15
BRDA:14,1,1,15
BRDA:14,1,2,0
BRDA:16,2,0,0
BRDA:16,2,1,30
BRDA:16,3,0,30
BRDA:16,3,1,0
BRDA:17,4,0,0
BRDA:17,4,1,0
BRDA:22,5,0,10
BRDA:22,5,1,0
BRDA:22,6,0,10
BRDA:22,6,1,0
BRDA:22,7,0,10
BRDA:22,7,1,10
BRDA:22,7,2,10
BRF:18
BRH:10
end_of_record
TN:
SF:src/client/components/main/Main.tsx
FN:7,(anonymous_0)
FN:8,(anonymous_1)
FN:13,(anonymous_2)
FN:17,(anonymous_3)
FN:21,(anonymous_4)
FN:22,(anonymous_5)
FN:25,(anonymous_6)
FN:28,(anonymous_7)
FNF:8
FNH:6
FNDA:12,(anonymous_0)
FNDA:6,(anonymous_1)
FNDA:6,(anonymous_2)
FNDA:0,(anonymous_3)
FNDA:6,(anonymous_4)
FNDA:0,(anonymous_5)
FNDA:7,(anonymous_6)
FNDA:7,(anonymous_7)
DA:1,6
DA:2,6
DA:3,6
DA:4,6
DA:5,6
DA:6,6
DA:7,12
DA:8,6
DA:9,6
DA:10,6
DA:11,6
DA:13,6
DA:14,6
DA:15,6
DA:16,168
DA:17,168
DA:19,6
DA:21,6
DA:22,6
DA:24,6
DA:25,7
DA:27,6
DA:28,6
DA:29,7
DA:33,6
LF:25
LH:25
BRDA:14,0,0,6
BRDA:14,0,1,0
BRDA:14,1,0,6
BRDA:14,1,1,6
BRDA:14,1,2,0
BRDA:16,2,0,168
BRDA:16,2,1,0
BRDA:16,3,0,168
BRDA:16,3,1,168
BRDA:17,4,0,168
BRDA:17,4,1,168
BRDA:22,5,0,6
BRDA:22,5,1,0
BRDA:22,6,0,0
BRDA:22,6,1,6
BRDA:22,7,0,6
BRDA:22,7,1,6
BRDA:22,7,2,0
BRF:18
BRH:12
end_of_record
TN:
SF:src/client/components/main/index.ts
FN:7,(anonymous_0)
FN:8,(anonymous_1)
FN:13,(anonymous_2)
FN:17,(anonymous_3)
FN:21,(anonymous_4)
FN:22,(anonymous_5)
FN:25,(anonymous_6)
FNF:7
FNH:6
FNDA:15,(anonymous_0)
FNDA:5,(anonymous_1)
FNDA:15,(anonymous_2)
FNDA:0,(anonymous_3)
FNDA:10,(anonymous_4)
FNDA:6,(anonymous_5)
FNDA:6,(anonymous_6)
DA:1,5
DA:2,5
DA:3,5
DA:4,5
DA:5,5
DA:6,5
DA:7,15
DA:8,5
DA:9,5
DA:10,5
DA:11,5
DA:13,5
DA:14,15
DA:15,15
DA:16,30
DA:17,0
DA:19,15
DA:21,5
DA:22,10
DA:24,5
DA:25,6
DA:27,5
DA:28,5
LF:23
LH:22
BRDA:14,0,0,15
BRDA:14,0,1,0
BRDA:14,1,0,15
BRDA:14,1,1,15
BRDA:14,1,2,0
BRDA:16,2,0,0
BRDA:16,2,1,30
BRDA:16,3,0,30
BRDA:16,3,1,0
BRDA:17,4,0,0
BRDA:17,4,1,0
BRDA:22,5,0,10
BRDA:22,5,1,0
BRDA:22,6,0,10
BRDA:22,6,1,0
BRDA:22,7,0,10
BRDA:22,7,1,10
BRDA:22,7,2,10
BRF:18
BRH:10
end_of_record
TN:
SF:src/client/components/navbar/Navbar.tsx
FN:7,(anonymous_0)
FN:8,(anonymous_1)
FN:13,(anonymous_2)
FN:17,(anonymous_3)
FN:21,(anonymous_4)
FN:22,(anonymous_5)
FN:25,(anonymous_6)
FN:34,(anonymous_7)
FN:45,(anonymous_8)
FNF:9
FNH:8
FNDA:18,(anonymous_0)
FNDA:6,(anonymous_1)
FNDA:12,(anonymous_2)
FNDA:0,(anonymous_3)
FNDA:12,(anonymous_4)
FNDA:9,(anonymous_5)
FNDA:3,(anonymous_6)
FNDA:3,(anonymous_7)
FNDA:9,(anonymous_8)
DA:1,6
DA:2,6
DA:3,6
DA:4,6
DA:5,6
DA:6,6
DA:7,18
DA:8,6
DA:9,6
DA:10,6
DA:11,6
DA:13,6
DA:14,12
DA:15,12
DA:16,180
DA:17,168
DA:19,12
DA:21,6
DA:22,12
DA:24,6
DA:25,3
DA:27,6
DA:28,6
DA:29,6
DA:34,6
DA:35,3
DA:45,9
DA:50,6
LF:28
LH:28
BRDA:14,0,0,12
BRDA:14,0,1,0
BRDA:14,1,0,12
BRDA:14,1,1,12
BRDA:14,1,2,0
BRDA:16,2,0,168
BRDA:16,2,1,12
BRDA:16,3,0,180
BRDA:16,3,1,168
BRDA:17,4,0,168
BRDA:17,4,1,168
BRDA:22,5,0,12
BRDA:22,5,1,0
BRDA:22,6,0,6
BRDA:22,6,1,6
BRDA:22,7,0,12
BRDA:22,7,1,12
BRDA:22,7,2,6
BRF:18
BRH:15
end_of_record
TN:
SF:src/client/components/navbar/index.ts
FN:7,(anonymous_0)
FN:8,(anonymous_1)
FN:13,(anonymous_2)
FN:17,(anonymous_3)
FN:21,(anonymous_4)
FN:22,(anonymous_5)
FN:25,(anonymous_6)
FNF:7
FNH:6
FNDA:15,(anonymous_0)
FNDA:5,(anonymous_1)
FNDA:15,(anonymous_2)
FNDA:0,(anonymous_3)
FNDA:10,(anonymous_4)
FNDA:2,(anonymous_5)
FNDA:2,(anonymous_6)
DA:1,5
DA:2,5
DA:3,5
DA:4,5
DA:5,5
DA:6,5
DA:7,15
DA:8,5
DA:9,5
DA:10,5
DA:11,5
DA:13,5
DA:14,15
DA:15,15
DA:16,30
DA:17,0
DA:19,15
DA:21,5
DA:22,10
DA:24,5
DA:25,2
DA:27,5
DA:28,5
LF:23
LH:22
BRDA:14,0,0,15
BRDA:14,0,1,0
BRDA:14,1,0,15
BRDA:14,1,1,15
BRDA:14,1,2,0
BRDA:16,2,0,0
BRDA:16,2,1,30
BRDA:16,3,0,30
BRDA:16,3,1,0
BRDA:17,4,0,0
BRDA:17,4,1,0
BRDA:22,5,0,10
BRDA:22,5,1,0
BRDA:22,6,0,10
BRDA:22,6,1,0
BRDA:22,7,0,10
BRDA:22,7,1,10
BRDA:22,7,2,10
BRF:18
BRH:10
end_of_record
TN:
SF:src/client/components/navbar/navItem/NavItem.tsx
FN:7,(anonymous_0)
FN:8,(anonymous_1)
FN:13,(anonymous_2)
FN:17,(anonymous_3)
FN:21,(anonymous_4)
FN:22,(anonymous_5)
FN:25,(anonymous_6)
FN:29,(anonymous_7)
FNF:8
FNH:7
FNDA:18,(anonymous_0)
FNDA:6,(anonymous_1)
FNDA:12,(anonymous_2)
FNDA:18,(anonymous_3)
FNDA:12,(anonymous_4)
FNDA:0,(anonymous_5)
FNDA:9,(anonymous_6)
FNDA:9,(anonymous_7)
DA:1,6
DA:2,6
DA:3,6
DA:4,6
DA:5,6
DA:6,6
DA:7,18
DA:8,6
DA:9,6
DA:10,6
DA:11,6
DA:13,6
DA:14,12
DA:15,12
DA:16,276
DA:17,276
DA:19,12
DA:21,6
DA:22,12
DA:24,6
DA:25,9
DA:27,6
DA:28,6
DA:29,6
DA:30,9
DA:31,9
DA:32,9
DA:38,6
LF:28
LH:28
BRDA:14,0,0,12
BRDA:14,0,1,0
BRDA:14,1,0,12
BRDA:14,1,1,12
BRDA:14,1,2,0
BRDA:16,2,0,276
BRDA:16,2,1,0
BRDA:16,3,0,276
BRDA:16,3,1,276
BRDA:17,4,0,276
BRDA:17,4,1,276
BRDA:22,5,0,12
BRDA:22,5,1,0
BRDA:22,6,0,0
BRDA:22,6,1,12
BRDA:22,7,0,12
BRDA:22,7,1,12
BRDA:22,7,2,0
BRDA:33,8,0,9
BRDA:33,8,1,3
BRF:20
BRH:14
end_of_record
TN:
SF:src/client/components/navbar/navItem/index.ts
FN:7,(anonymous_0)
FN:8,(anonymous_1)
FN:13,(anonymous_2)
FN:17,(anonymous_3)
FN:21,(anonymous_4)
FN:22,(anonymous_5)
FN:25,(anonymous_6)
FNF:7
FNH:6
FNDA:18,(anonymous_0)
FNDA:6,(anonymous_1)
FNDA:18,(anonymous_2)
FNDA:0,(anonymous_3)
FNDA:12,(anonymous_4)
FNDA:9,(anonymous_5)
FNDA:9,(anonymous_6)
DA:1,6
DA:2,6
DA:3,6
DA:4,6
DA:5,6
DA:6,6
DA:7,18
DA:8,6
DA:9,6
DA:10,6
DA:11,6
DA:13,6
DA:14,18
DA:15,18
DA:16,36
DA:17,0
DA:19,18
DA:21,6
DA:22,12
DA:24,6
DA:25,9
DA:27,6
DA:28,6
LF:23
LH:22
BRDA:14,0,0,18
BRDA:14,0,1,0
BRDA:14,1,0,18
BRDA:14,1,1,18
BRDA:14,1,2,0
BRDA:16,2,0,0
BRDA:16,2,1,36
BRDA:16,3,0,36
BRDA:16,3,1,0
BRDA:17,4,0,0
BRDA:17,4,1,0
BRDA:22,5,0,12
BRDA:22,5,1,0
BRDA:22,6,0,12
BRDA:22,6,1,0
BRDA:22,7,0,12
BRDA:22,7,1,12
BRDA:22,7,2,12
BRF:18
BRH:10
end_of_record
TN:
SF:src/client/pages/index.ts
FN:7,(anonymous_0)
FN:8,(anonymous_1)
FN:13,(anonymous_2)
FN:17,(anonymous_3)
FN:21,(anonymous_4)
FN:22,(anonymous_5)
FN:25,(anonymous_6)
FN:26,(anonymous_7)
FN:27,(anonymous_8)
FNF:9
FNH:8
FNDA:4,(anonymous_0)
FNDA:1,(anonymous_1)
FNDA:3,(anonymous_2)
FNDA:0,(anonymous_3)
FNDA:3,(anonymous_4)
FNDA:3,(anonymous_5)
FNDA:1,(anonymous_6)
FNDA:1,(anonymous_7)
FNDA:1,(anonymous_8)
DA:1,1
DA:2,1
DA:3,1
DA:4,1
DA:5,1
DA:6,1
DA:7,4
DA:8,1
DA:9,1
DA:10,1
DA:11,3
DA:13,1
DA:14,3
DA:15,3
DA:16,6
DA:17,0
DA:19,3
DA:21,1
DA:22,3
DA:24,1
DA:25,1
DA:26,1
DA:27,1
DA:29,1
DA:30,1
DA:31,1
LF:26
LH:25
BRDA:14,0,0,3
BRDA:14,0,1,0
BRDA:14,1,0,3
BRDA:14,1,1,3
BRDA:14,1,2,0
BRDA:16,2,0,0
BRDA:16,2,1,6
BRDA:16,3,0,6
BRDA:16,3,1,0
BRDA:17,4,0,0
BRDA:17,4,1,0
BRDA:22,5,0,3
BRDA:22,5,1,0
BRDA:22,6,0,3
BRDA:22,6,1,0
BRDA:22,7,0,3
BRDA:22,7,1,3
BRDA:22,7,2,3
BRF:18
BRH:10
end_of_record
TN:
SF:src/client/pages/about/About.tsx
FN:7,(anonymous_0)
FN:8,(anonymous_1)
FN:13,(anonymous_2)
FN:17,(anonymous_3)
FN:21,(anonymous_4)
FN:22,(anonymous_5)
FN:25,(anonymous_6)
FN:29,(anonymous_7)
FNF:8
FNH:7
FNDA:6,(anonymous_0)
FNDA:2,(anonymous_1)
FNDA:4,(anonymous_2)
FNDA:1,(anonymous_3)
FNDA:4,(anonymous_4)
FNDA:0,(anonymous_5)
FNDA:2,(anonymous_6)
FNDA:1,(anonymous_7)
DA:1,2
DA:2,2
DA:3,2
DA:4,2
DA:5,2
DA:6,2
DA:7,6
DA:8,2
DA:9,2
DA:10,2
DA:11,2
DA:13,2
DA:14,4
DA:15,4
DA:16,66
DA:17,64
DA:19,4
DA:21,2
DA:22,4
DA:24,2
DA:25,2
DA:27,2
DA:28,2
DA:29,2
DA:30,1
DA:32,2
LF:26
LH:26
BRDA:14,0,0,4
BRDA:14,0,1,0
BRDA:14,1,0,4
BRDA:14,1,1,4
BRDA:14,1,2,0
BRDA:16,2,0,64
BRDA:16,2,1,2
BRDA:16,3,0,66
BRDA:16,3,1,64
BRDA:17,4,0,64
BRDA:17,4,1,64
BRDA:22,5,0,4
BRDA:22,5,1,0
BRDA:22,6,0,0
BRDA:22,6,1,4
BRDA:22,7,0,4
BRDA:22,7,1,4
BRDA:22,7,2,2
BRF:18
BRH:14
end_of_record
TN:
SF:src/client/pages/about/index.ts
FN:7,(anonymous_0)
FN:8,(anonymous_1)
FN:13,(anonymous_2)
FN:17,(anonymous_3)
FN:21,(anonymous_4)
FN:22,(anonymous_5)
FN:25,(anonymous_6)
FNF:7
FNH:6
FNDA:3,(anonymous_0)
FNDA:1,(anonymous_1)
FNDA:3,(anonymous_2)
FNDA:0,(anonymous_3)
FNDA:2,(anonymous_4)
FNDA:1,(anonymous_5)
FNDA:1,(anonymous_6)
DA:1,1
DA:2,1
DA:3,1
DA:4,1
DA:5,1
DA:6,1
DA:7,3
DA:8,1
DA:9,1
DA:10,1
DA:11,1
DA:13,1
DA:14,3
DA:15,3
DA:16,6
DA:17,0
DA:19,3
DA:21,1
DA:22,2
DA:24,1
DA:25,1
DA:27,1
DA:28,1
LF:23
LH:22
BRDA:14,0,0,3
BRDA:14,0,1,0
BRDA:14,1,0,3
BRDA:14,1,1,3
BRDA:14,1,2,0
BRDA:16,2,0,0
BRDA:16,2,1,6
BRDA:16,3,0,6
BRDA:16,3,1,0
BRDA:17,4,0,0
BRDA:17,4,1,0
BRDA:22,5,0,2
BRDA:22,5,1,0
BRDA:22,6,0,2
BRDA:22,6,1,0
BRDA:22,7,0,2
BRDA:22,7,1,2
BRDA:22,7,2,2
BRF:18
BRH:10
end_of_record
TN:
SF:src/client/pages/data/Data.tsx
FN:7,(anonymous_0)
FN:8,(anonymous_1)
FN:13,(anonymous_2)
FN:17,(anonymous_3)
FN:21,(anonymous_4)
FN:22,(anonymous_5)
FN:25,(anonymous_6)
FN:30,(anonymous_7)
FN:33,(anonymous_8)
FN:34,getData
FNF:10
FNH:9
FNDA:8,(anonymous_0)
FNDA:2,(anonymous_1)
FNDA:6,(anonymous_2)
FNDA:13,(anonymous_3)
FNDA:6,(anonymous_4)
FNDA:0,(anonymous_5)
FNDA:2,(anonymous_6)
FNDA:3,(anonymous_7)
FNDA:1,(anonymous_8)
FNDA:1,getData
DA:1,2
DA:2,2
DA:3,2
DA:4,2
DA:5,2
DA:6,2
DA:7,8
DA:8,2
DA:9,2
DA:10,2
DA:11,2
DA:13,2
DA:14,6
DA:15,6
DA:16,70
DA:17,66
DA:19,6
DA:21,2
DA:22,6
DA:24,2
DA:25,2
DA:27,2
DA:28,2
DA:29,2
DA:30,2
DA:31,3
DA:32,3
DA:33,3
DA:35,1
DA:36,1
DA:37,1
DA:38,1
DA:40,0
DA:43,1
DA:45,3
DA:47,2
LF:36
LH:35
BRDA:14,0,0,6
BRDA:14,0,1,0
BRDA:14,1,0,6
BRDA:14,1,1,6
BRDA:14,1,2,0
BRDA:16,2,0,66
BRDA:16,2,1,4
BRDA:16,3,0,70
BRDA:16,3,1,66
BRDA:17,4,0,66
BRDA:17,4,1,66
BRDA:22,5,0,6
BRDA:22,5,1,0
BRDA:22,6,0,0
BRDA:22,6,1,6
BRDA:22,7,0,6
BRDA:22,7,1,6
BRDA:22,7,2,4
BRDA:45,8,0,3
BRDA:45,8,1,1
BRDA:45,9,0,3
BRDA:45,9,1,2
BRF:22
BRH:18
end_of_record
TN:
SF:src/client/pages/data/index.ts
FN:7,(anonymous_0)
FN:8,(anonymous_1)
FN:13,(anonymous_2)
FN:17,(anonymous_3)
FN:21,(anonymous_4)
FN:22,(anonymous_5)
FN:25,(anonymous_6)
FNF:7
FNH:6
FNDA:3,(anonymous_0)
FNDA:1,(anonymous_1)
FNDA:3,(anonymous_2)
FNDA:0,(anonymous_3)
FNDA:2,(anonymous_4)
FNDA:1,(anonymous_5)
FNDA:1,(anonymous_6)
DA:1,1
DA:2,1
DA:3,1
DA:4,1
DA:5,1
DA:6,1
DA:7,3
DA:8,1
DA:9,1
DA:10,1
DA:11,1
DA:13,1
DA:14,3
DA:15,3
DA:16,6
DA:17,0
DA:19,3
DA:21,1
DA:22,2
DA:24,1
DA:25,1
DA:27,1
DA:28,1
LF:23
LH:22
BRDA:14,0,0,3
BRDA:14,0,1,0
BRDA:14,1,0,3
BRDA:14,1,1,3
BRDA:14,1,2,0
BRDA:16,2,0,0
BRDA:16,2,1,6
BRDA:16,3,0,6
BRDA:16,3,1,0
BRDA:17,4,0,0
BRDA:17,4,1,0
BRDA:22,5,0,2
BRDA:22,5,1,0
BRDA:22,6,0,2
BRDA:22,6,1,0
BRDA:22,7,0,2
BRDA:22,7,1,2
BRDA:22,7,2,2
BRF:18
BRH:10
end_of_record
TN:
SF:src/client/pages/home/Home.tsx
FN:7,(anonymous_0)
FN:8,(anonymous_1)
FN:13,(anonymous_2)
FN:17,(anonymous_3)
FN:21,(anonymous_4)
FN:22,(anonymous_5)
FN:25,(anonymous_6)
FN:29,(anonymous_7)
FNF:8
FNH:7
FNDA:6,(anonymous_0)
FNDA:2,(anonymous_1)
FNDA:4,(anonymous_2)
FNDA:2,(anonymous_3)
FNDA:4,(anonymous_4)
FNDA:0,(anonymous_5)
FNDA:2,(anonymous_6)
FNDA:2,(anonymous_7)
DA:1,2
DA:2,2
DA:3,2
DA:4,2
DA:5,2
DA:6,2
DA:7,6
DA:8,2
DA:9,2
DA:10,2
DA:11,2
DA:13,2
DA:14,4
DA:15,4
DA:16,66
DA:17,64
DA:19,4
DA:21,2
DA:22,4
DA:24,2
DA:25,2
DA:27,2
DA:28,2
DA:29,2
DA:30,2
DA:36,2
LF:26
LH:26
BRDA:14,0,0,4
BRDA:14,0,1,0
BRDA:14,1,0,4
BRDA:14,1,1,4
BRDA:14,1,2,0
BRDA:16,2,0,64
BRDA:16,2,1,2
BRDA:16,3,0,66
BRDA:16,3,1,64
BRDA:17,4,0,64
BRDA:17,4,1,64
BRDA:22,5,0,4
BRDA:22,5,1,0
BRDA:22,6,0,0
BRDA:22,6,1,4
BRDA:22,7,0,4
BRDA:22,7,1,4
BRDA:22,7,2,2
BRF:18
BRH:14
end_of_record
TN:
SF:src/client/pages/home/index.ts
FN:7,(anonymous_0)
FN:8,(anonymous_1)
FN:13,(anonymous_2)
FN:17,(anonymous_3)
FN:21,(anonymous_4)
FN:22,(anonymous_5)
FN:25,(anonymous_6)
FNF:7
FNH:6
FNDA:2,(anonymous_0)
FNDA:1,(anonymous_1)
FNDA:1,(anonymous_2)
FNDA:0,(anonymous_3)
FNDA:1,(anonymous_4)
FNDA:1,(anonymous_5)
FNDA:1,(anonymous_6)
DA:1,1
DA:2,1
DA:3,1
DA:4,1
DA:5,1
DA:6,1
DA:7,2
DA:8,1
DA:9,1
DA:10,1
DA:11,1
DA:13,1
DA:14,1
DA:15,1
DA:16,2
DA:17,0
DA:19,1
DA:21,1
DA:22,1
DA:24,1
DA:25,1
DA:27,1
LF:22
LH:21
BRDA:14,0,0,1
BRDA:14,0,1,0
BRDA:14,1,0,1
BRDA:14,1,1,1
BRDA:14,1,2,0
BRDA:16,2,0,0
BRDA:16,2,1,2
BRDA:16,3,0,2
BRDA:16,3,1,0
BRDA:17,4,0,0
BRDA:17,4,1,0
BRDA:22,5,0,1
BRDA:22,5,1,0
BRDA:22,6,0,1
BRDA:22,6,1,0
BRDA:22,7,0,1
BRDA:22,7,1,1
BRDA:22,7,2,1
BRF:18
BRH:10
end_of_record
